<!DOCTYPE html>

<html>
  <head>
  <meta charset='utf-8'>
  <title>TestNG reports</title>

    <link type="text/css" href="testng-reports1.css" rel="stylesheet" id="ultra" />
    <link type="text/css" href="testng-reports.css" rel="stylesheet" id="retro" disabled="false"/>
    <script type="text/javascript" src="jquery-3.6.0.min.js"></script>
    <script type="text/javascript" src="testng-reports.js"></script>
    <script type="text/javascript" src="https://www.google.com/jsapi"></script>
    <script type='text/javascript'>
      google.load('visualization', '1', {packages:['table']});
      google.setOnLoadCallback(drawTable);
      var suiteTableInitFunctions = new Array();
      var suiteTableData = new Array();
    </script>
    <!--
      <script type="text/javascript" src="jquery-ui/js/jquery-ui-1.8.16.custom.min.js"></script>
     -->
  </head>

  <body>    <div class="top-banner-root">
      <span class="top-banner-title-font">Test results</span>
      <button id="button" class="button">Switch Retro Theme</button> <!-- button -->
      <br/>
      <span class="top-banner-font-1">1 suite, 12 failed tests</span>
    </div> <!-- top-banner-root -->
    <div class="navigator-root">
      <div class="navigator-suite-header">
        <span>All suites</span>
        <a href="#" title="Collapse/expand all the suites" class="collapse-all-link">
          <img src="collapseall.gif" class="collapse-all-icon">
          </img> <!-- collapse-all-icon -->
        </a> <!-- collapse-all-link -->
      </div> <!-- navigator-suite-header -->
      <div class="suite">
        <div class="rounded-window">
          <div class="suite-header light-rounded-window-top">
            <a href="#" panel-name="suite-ParaBank_Test_Suite" class="navigator-link">
              <span class="suite-name border-failed">ParaBank Test Suite</span>
            </a> <!-- navigator-link -->
          </div> <!-- suite-header light-rounded-window-top -->
          <div class="navigator-suite-content">
            <div class="suite-section-title">
              <span>Info</span>
            </div> <!-- suite-section-title -->
            <div class="suite-section-content">
              <ul>
                <li>
                  <a href="#" panel-name="test-xml-ParaBank_Test_Suite" class="navigator-link ">
                    <span>C:\Users\Administrator\eclipse-workspace\parabank-automation\src\test\resources\testng.xml</span>
                  </a> <!-- navigator-link  -->
                </li>
                <li>
                  <a href="#" panel-name="testlist-ParaBank_Test_Suite" class="navigator-link ">
                    <span class="test-stats">1 test</span>
                  </a> <!-- navigator-link  -->
                </li>
                <li>
                  <a href="#" panel-name="group-ParaBank_Test_Suite" class="navigator-link ">
                    <span>0 groups</span>
                  </a> <!-- navigator-link  -->
                </li>
                <li>
                  <a href="#" panel-name="times-ParaBank_Test_Suite" class="navigator-link ">
                    <span>Times</span>
                  </a> <!-- navigator-link  -->
                </li>
                <li>
                  <a href="#" panel-name="reporter-ParaBank_Test_Suite" class="navigator-link ">
                    <span>Reporter output</span>
                  </a> <!-- navigator-link  -->
                </li>
                <li>
                  <a href="#" panel-name="ignored-methods-ParaBank_Test_Suite" class="navigator-link ">
                    <span>Ignored methods</span>
                  </a> <!-- navigator-link  -->
                </li>
                <li>
                  <a href="#" panel-name="chronological-ParaBank_Test_Suite" class="navigator-link ">
                    <span>Chronological view</span>
                  </a> <!-- navigator-link  -->
                </li>
              </ul>
            </div> <!-- suite-section-content -->
            <div class="result-section">
              <div class="suite-section-title">
                <span>Results</span>
              </div> <!-- suite-section-title -->
              <div class="suite-section-content">
                <ul>
                  <li>
                    <span class="method-stats">39 methods, 12 failed,   27 passed</span>
                  </li>
                  <li>
                    <span class="method-list-title failed">Failed methods</span>
                    <span class="show-or-hide-methods failed">
                      <a href="#" panel-name="suite-ParaBank_Test_Suite" class="hide-methods failed suite-ParaBank_Test_Suite"> (hide)</a> <!-- hide-methods failed suite-ParaBank_Test_Suite -->
                      <a href="#" panel-name="suite-ParaBank_Test_Suite" class="show-methods failed suite-ParaBank_Test_Suite"> (show)</a> <!-- show-methods failed suite-ParaBank_Test_Suite -->
                    </span>
                    <div class="method-list-content failed suite-ParaBank_Test_Suite">
                      <span>
                        <img src="failed.png" width="3%"/>
                        <a href="#" panel-name="suite-ParaBank_Test_Suite" title="com.parabank.tests.BillPayTests" class="method navigator-link" hash-for-method="billPayScenarios(john, demo, , , Metropolis, CA, 90210, 5551234567, 123456, , validation)">billPayScenarios(john, demo, , , Metropolis, CA, 90210, 5551234567, 123456, , validation)</a> <!-- method navigator-link -->
                      </span>
                      <br/>
                      <span>
                        <img src="failed.png" width="3%"/>
                        <a href="#" panel-name="suite-ParaBank_Test_Suite" title="com.parabank.tests.LoanTests" class="method navigator-link" hash-for-method="findTransactions(john, demo, 5)">findTransactions(john, demo, 5)</a> <!-- method navigator-link -->
                      </span>
                      <br/>
                      <span>
                        <img src="failed.png" width="3%"/>
                        <a href="#" panel-name="suite-ParaBank_Test_Suite" title="com.parabank.tests.LoanTests" class="method navigator-link" hash-for-method="findTransactions(john, demo, 7.50)">findTransactions(john, demo, 7.50)</a> <!-- method navigator-link -->
                      </span>
                      <br/>
                      <span>
                        <img src="failed.png" width="3%"/>
                        <a href="#" panel-name="suite-ParaBank_Test_Suite" title="com.parabank.tests.BillPayTests" class="method navigator-link" hash-for-method="paymentHistory(john, demo, 7.50)">paymentHistory(john, demo, 7.50)</a> <!-- method navigator-link -->
                      </span>
                      <br/>
                      <span>
                        <img src="failed.png" width="3%"/>
                        <a href="#" panel-name="suite-ParaBank_Test_Suite" title="com.parabank.tests.BillPayTests" class="method navigator-link" hash-for-method="paymentHistory(john, demo, 5)">paymentHistory(john, demo, 5)</a> <!-- method navigator-link -->
                      </span>
                      <br/>
                      <span>
                        <img src="failed.png" width="3%"/>
                        <a href="#" panel-name="suite-ParaBank_Test_Suite" title="com.parabank.tests.LoginTests" class="method navigator-link" hash-for-method="testLogout(john, demo)">testLogout(john, demo)</a> <!-- method navigator-link -->
                      </span>
                      <br/>
                      <span>
                        <img src="failed.png" width="3%"/>
                        <a href="#" panel-name="suite-ParaBank_Test_Suite" title="com.parabank.tests.LoginTests" class="method navigator-link" hash-for-method="testSuccessfulLogin(john, demo, success)">testSuccessfulLogin(john, demo, success)</a> <!-- method navigator-link -->
                      </span>
                      <br/>
                      <span>
                        <img src="failed.png" width="3%"/>
                        <a href="#" panel-name="suite-ParaBank_Test_Suite" title="com.parabank.tests.TransferTests" class="method navigator-link" hash-for-method="transferTransactionHistory(john, demo, 7.50)">transferTransactionHistory(john, demo, 7.50)</a> <!-- method navigator-link -->
                      </span>
                      <br/>
                      <span>
                        <img src="failed.png" width="3%"/>
                        <a href="#" panel-name="suite-ParaBank_Test_Suite" title="com.parabank.tests.TransferTests" class="method navigator-link" hash-for-method="transferTransactionHistory(john, demo, 5)">transferTransactionHistory(john, demo, 5)</a> <!-- method navigator-link -->
                      </span>
                      <br/>
                      <span>
                        <img src="failed.png" width="3%"/>
                        <a href="#" panel-name="suite-ParaBank_Test_Suite" title="com.parabank.tests.AccountTests" class="method navigator-link" hash-for-method="verifyAccountDetailsPage(john, demo)">verifyAccountDetailsPage(john, demo)</a> <!-- method navigator-link -->
                      </span>
                      <br/>
                      <span>
                        <img src="failed.png" width="3%"/>
                        <a href="#" panel-name="suite-ParaBank_Test_Suite" title="com.parabank.tests.AccountTests" class="method navigator-link" hash-for-method="verifyAccountOverview(john, demo)">verifyAccountOverview(john, demo)</a> <!-- method navigator-link -->
                      </span>
                      <br/>
                      <span>
                        <img src="failed.png" width="3%"/>
                        <a href="#" panel-name="suite-ParaBank_Test_Suite" title="com.parabank.tests.AccountTests" class="method navigator-link" hash-for-method="verifyActivityFiltering(john, demo, All)">verifyActivityFiltering(john, demo, All)</a> <!-- method navigator-link -->
                      </span>
                      <br/>
                    </div> <!-- method-list-content failed suite-ParaBank_Test_Suite -->
                  </li>
                  <li>
                    <span class="method-list-title passed">Passed methods</span>
                    <span class="show-or-hide-methods passed">
                      <a href="#" panel-name="suite-ParaBank_Test_Suite" class="hide-methods passed suite-ParaBank_Test_Suite"> (hide)</a> <!-- hide-methods passed suite-ParaBank_Test_Suite -->
                      <a href="#" panel-name="suite-ParaBank_Test_Suite" class="show-methods passed suite-ParaBank_Test_Suite"> (show)</a> <!-- show-methods passed suite-ParaBank_Test_Suite -->
                    </span>
                    <div class="method-list-content passed suite-ParaBank_Test_Suite">
                      <span>
                        <img src="passed.png" width="3%"/>
                        <a href="#" panel-name="suite-ParaBank_Test_Suite" title="com.parabank.tests.BillPayTests" class="method navigator-link" hash-for-method="billPayScenarios(john, demo, Acme Utilities, 1 Utility Ave, Metropolis, CA, 90210, 5551234567, 123456, 7.50, success)">billPayScenarios(john, demo, Acme Utilities, 1 Utility Ave, Metropolis, CA, 90210, 5551234567, 123456, 7.50, success)</a> <!-- method navigator-link -->
                      </span>
                      <br/>
                      <span>
                        <img src="passed.png" width="3%"/>
                        <a href="#" panel-name="suite-ParaBank_Test_Suite" title="com.parabank.tests.LoanTests" class="method navigator-link" hash-for-method="contactForm(John Tester, john.tester@example.com, 5551112222, Need help with recent transaction.)">contactForm(John Tester, john.tester@example.com, 5551112222, Need help with recent transaction.)</a> <!-- method navigator-link -->
                      </span>
                      <br/>
                      <span>
                        <img src="passed.png" width="3%"/>
                        <a href="#" panel-name="suite-ParaBank_Test_Suite" title="com.parabank.tests.LoanTests" class="method navigator-link" hash-for-method="requestLoan(john, demo, 500, 50)">requestLoan(john, demo, 500, 50)</a> <!-- method navigator-link -->
                      </span>
                      <br/>
                      <span>
                        <img src="passed.png" width="3%"/>
                        <a href="#" panel-name="suite-ParaBank_Test_Suite" title="com.parabank.tests.LoanTests" class="method navigator-link" hash-for-method="responsiveness(375, 812)">responsiveness(375, 812)</a> <!-- method navigator-link -->
                      </span>
                      <br/>
                      <span>
                        <img src="passed.png" width="3%"/>
                        <a href="#" panel-name="suite-ParaBank_Test_Suite" title="com.parabank.tests.LoanTests" class="method navigator-link" hash-for-method="responsiveness(1280, 800)">responsiveness(1280, 800)</a> <!-- method navigator-link -->
                      </span>
                      <br/>
                      <span>
                        <img src="passed.png" width="3%"/>
                        <a href="#" panel-name="suite-ParaBank_Test_Suite" title="com.parabank.tests.LoanTests" class="method navigator-link" hash-for-method="responsiveness(768, 1024)">responsiveness(768, 1024)</a> <!-- method navigator-link -->
                      </span>
                      <br/>
                      <span>
                        <img src="passed.png" width="3%"/>
                        <a href="#" panel-name="suite-ParaBank_Test_Suite" title="com.parabank.tests.LoginTests" class="method navigator-link" hash-for-method="testBlankLogin(, demo, failure)">testBlankLogin(, demo, failure)</a> <!-- method navigator-link -->
                      </span>
                      <br/>
                      <span>
                        <img src="passed.png" width="3%"/>
                        <a href="#" panel-name="suite-ParaBank_Test_Suite" title="com.parabank.tests.LoginTests" class="method navigator-link" hash-for-method="testBlankLogin(john, wrongpass, failure)">testBlankLogin(john, wrongpass, failure)</a> <!-- method navigator-link -->
                      </span>
                      <br/>
                      <span>
                        <img src="passed.png" width="3%"/>
                        <a href="#" panel-name="suite-ParaBank_Test_Suite" title="com.parabank.tests.LoginTests" class="method navigator-link" hash-for-method="testBlankLogin(john, demo, success)">testBlankLogin(john, demo, success)</a> <!-- method navigator-link -->
                      </span>
                      <br/>
                      <span>
                        <img src="passed.png" width="3%"/>
                        <a href="#" panel-name="suite-ParaBank_Test_Suite" title="com.parabank.tests.LoginTests" class="method navigator-link" hash-for-method="testBlankLogin(invalidUser, demo, failure)">testBlankLogin(invalidUser, demo, failure)</a> <!-- method navigator-link -->
                      </span>
                      <br/>
                      <span>
                        <img src="passed.png" width="3%"/>
                        <a href="#" panel-name="suite-ParaBank_Test_Suite" title="com.parabank.tests.LoginTests" class="method navigator-link" hash-for-method="testBlankLogin(john, , failure)">testBlankLogin(john, , failure)</a> <!-- method navigator-link -->
                      </span>
                      <br/>
                      <span>
                        <img src="passed.png" width="3%"/>
                        <a href="#" panel-name="suite-ParaBank_Test_Suite" title="com.parabank.tests.LoginTests" class="method navigator-link" hash-for-method="testBlankLogin(, , failure)">testBlankLogin(, , failure)</a> <!-- method navigator-link -->
                      </span>
                      <br/>
                      <span>
                        <img src="passed.png" width="3%"/>
                        <a href="#" panel-name="suite-ParaBank_Test_Suite" title="com.parabank.tests.LoginTests" class="method navigator-link" hash-for-method="testForgotLoginInfo(John, Smith, 123 Main St, Anytown, CA, 90210, 123-45-6789)">testForgotLoginInfo(John, Smith, 123 Main St, Anytown, CA, 90210, 123-45-6789)</a> <!-- method navigator-link -->
                      </span>
                      <br/>
                      <span>
                        <img src="passed.png" width="3%"/>
                        <a href="#" panel-name="suite-ParaBank_Test_Suite" title="com.parabank.tests.RegistrationTests" class="method navigator-link" hash-for-method="testRegistration(Sam, Willis, 10 Lake St, Springfield, CA, 90210, 5551231111, 111-22-3333, user{uniq}, Pass@123)">testRegistration(Sam, Willis, 10 Lake St, Springfield, CA, 90210, 5551231111, 111-22-3333, user{uniq}, Pass@123)</a> <!-- method navigator-link -->
                      </span>
                      <br/>
                      <span>
                        <img src="passed.png" width="3%"/>
                        <a href="#" panel-name="suite-ParaBank_Test_Suite" title="com.parabank.tests.RegistrationTests" class="method navigator-link" hash-for-method="testRegistration(Alex, Kim, 22 Oak Ave, Riverton, NY, 10001, 5551232222, 222-33-4444, alex{uniq}, Pass@123)">testRegistration(Alex, Kim, 22 Oak Ave, Riverton, NY, 10001, 5551232222, 222-33-4444, alex{uniq}, Pass@123)</a> <!-- method navigator-link -->
                      </span>
                      <br/>
                      <span>
                        <img src="passed.png" width="3%"/>
                        <a href="#" panel-name="suite-ParaBank_Test_Suite" title="com.parabank.tests.LoginTests" class="method navigator-link" hash-for-method="testSuccessfulLogin(, demo, failure)">testSuccessfulLogin(, demo, failure)</a> <!-- method navigator-link -->
                      </span>
                      <br/>
                      <span>
                        <img src="passed.png" width="3%"/>
                        <a href="#" panel-name="suite-ParaBank_Test_Suite" title="com.parabank.tests.LoginTests" class="method navigator-link" hash-for-method="testSuccessfulLogin(john, , failure)">testSuccessfulLogin(john, , failure)</a> <!-- method navigator-link -->
                      </span>
                      <br/>
                      <span>
                        <img src="passed.png" width="3%"/>
                        <a href="#" panel-name="suite-ParaBank_Test_Suite" title="com.parabank.tests.LoginTests" class="method navigator-link" hash-for-method="testSuccessfulLogin(, , failure)">testSuccessfulLogin(, , failure)</a> <!-- method navigator-link -->
                      </span>
                      <br/>
                      <span>
                        <img src="passed.png" width="3%"/>
                        <a href="#" panel-name="suite-ParaBank_Test_Suite" title="com.parabank.tests.LoginTests" class="method navigator-link" hash-for-method="testSuccessfulLogin(john, wrongpass, failure)">testSuccessfulLogin(john, wrongpass, failure)</a> <!-- method navigator-link -->
                      </span>
                      <br/>
                      <span>
                        <img src="passed.png" width="3%"/>
                        <a href="#" panel-name="suite-ParaBank_Test_Suite" title="com.parabank.tests.LoginTests" class="method navigator-link" hash-for-method="testSuccessfulLogin(invalidUser, demo, failure)">testSuccessfulLogin(invalidUser, demo, failure)</a> <!-- method navigator-link -->
                      </span>
                      <br/>
                      <span>
                        <img src="passed.png" width="3%"/>
                        <a href="#" panel-name="suite-ParaBank_Test_Suite" title="com.parabank.tests.TransferTests" class="method navigator-link" hash-for-method="transferFunds(john, demo, 0, validation)">transferFunds(john, demo, 0, validation)</a> <!-- method navigator-link -->
                      </span>
                      <br/>
                      <span>
                        <img src="passed.png" width="3%"/>
                        <a href="#" panel-name="suite-ParaBank_Test_Suite" title="com.parabank.tests.TransferTests" class="method navigator-link" hash-for-method="transferFunds(john, demo, 5, success)">transferFunds(john, demo, 5, success)</a> <!-- method navigator-link -->
                      </span>
                      <br/>
                      <span>
                        <img src="passed.png" width="3%"/>
                        <a href="#" panel-name="suite-ParaBank_Test_Suite" title="com.parabank.tests.LoanTests" class="method navigator-link" hash-for-method="updateProfile(john, demo, 99 Pine Rd, Shelbyville, CA, 90210, 5559876543)">updateProfile(john, demo, 99 Pine Rd, Shelbyville, CA, 90210, 5559876543)</a> <!-- method navigator-link -->
                      </span>
                      <br/>
                      <span>
                        <img src="passed.png" width="3%"/>
                        <a href="#" panel-name="suite-ParaBank_Test_Suite" title="com.parabank.tests.AccountTests" class="method navigator-link" hash-for-method="verifyActivityFiltering(john, demo, January)">verifyActivityFiltering(john, demo, January)</a> <!-- method navigator-link -->
                      </span>
                      <br/>
                      <span>
                        <img src="passed.png" width="3%"/>
                        <a href="#" panel-name="suite-ParaBank_Test_Suite" title="com.parabank.tests.AccountTests" class="method navigator-link" hash-for-method="verifyBalanceCalculations(john, demo)">verifyBalanceCalculations(john, demo)</a> <!-- method navigator-link -->
                      </span>
                      <br/>
                      <span>
                        <img src="passed.png" width="3%"/>
                        <a href="#" panel-name="suite-ParaBank_Test_Suite" title="com.parabank.tests.AccountTests" class="method navigator-link" hash-for-method="verifyOpenNewAccount(john, demo, CHECKING)">verifyOpenNewAccount(john, demo, CHECKING)</a> <!-- method navigator-link -->
                      </span>
                      <br/>
                      <span>
                        <img src="passed.png" width="3%"/>
                        <a href="#" panel-name="suite-ParaBank_Test_Suite" title="com.parabank.tests.AccountTests" class="method navigator-link" hash-for-method="verifyOpenNewAccount(john, demo, SAVINGS)">verifyOpenNewAccount(john, demo, SAVINGS)</a> <!-- method navigator-link -->
                      </span>
                      <br/>
                    </div> <!-- method-list-content passed suite-ParaBank_Test_Suite -->
                  </li>
                </ul>
              </div> <!-- suite-section-content -->
            </div> <!-- result-section -->
          </div> <!-- navigator-suite-content -->
        </div> <!-- rounded-window -->
      </div> <!-- suite -->
    </div> <!-- navigator-root -->
    <div class="wrapper">
      <div class="main-panel-root">
        <div panel-name="suite-ParaBank_Test_Suite" class="panel ParaBank_Test_Suite">
          <div class="suite-ParaBank_Test_Suite-class-failed">
            <div class="main-panel-header rounded-window-top">
              <img src="failed.png"/>
              <span class="class-name">com.parabank.tests.TransferTests</span>
            </div> <!-- main-panel-header rounded-window-top -->
            <div class="main-panel-content rounded-window-bottom">
              <div class="method">
                <div class="method-content">
                  <a name="transferTransactionHistory(john, demo, 7.50)">
                  </a> <!-- transferTransactionHistory(john, demo, 7.50) -->
                  <span class="method-name">transferTransactionHistory</span>
                  <span class="parameters">(john,demo,7.50)</span>
                  <div class="stack-trace">org.openqa.selenium.TimeoutException: Expected condition failed: waiting for element to be clickable: Proxy element for: DefaultElementLocator &apos;By.cssSelector: input[value=&apos;Find Transactions&apos;]&apos; (tried for 20 second(s) with 500 milliseconds interval)
	at org.openqa.selenium.support.ui.WebDriverWait.timeoutException(WebDriverWait.java:84)
	at org.openqa.selenium.support.ui.FluentWait.until(FluentWait.java:228)
	at com.parabank.pages.BasePage.click(BasePage.java:21)
	at com.parabank.pages.FindTransactionsPage.searchByAmount(FindTransactionsPage.java:15)
	at com.parabank.tests.TransferTests.transferTransactionHistory(TransferTests.java:75)
	at java.base/java.util.ArrayList.forEach(ArrayList.java:1511)
Caused by: org.openqa.selenium.NoSuchElementException: no such element: Unable to locate element: {&quot;method&quot;:&quot;css selector&quot;,&quot;selector&quot;:&quot;input[value=&apos;Find Transactions&apos;]&quot;}
  (Session info: chrome=140.0.7339.208)
For documentation on this error, please visit: https://www.selenium.dev/documentation/webdriver/troubleshooting/errors#no-such-element-exception
Build info: version: &apos;4.24.0&apos;, revision: &apos;748ffc9bc3&apos;
System info: os.name: &apos;Windows 10&apos;, os.arch: &apos;amd64&apos;, os.version: &apos;10.0&apos;, java.version: &apos;17.0.11&apos;
Driver info: org.openqa.selenium.chrome.ChromeDriver
Command: [6f86c46b0c6287d1028b62609dae9273, findElement {using=css selector, value=input[value=&apos;Find Transactions&apos;]}]
Capabilities {acceptInsecureCerts: false, browserName: chrome, browserVersion: 140.0.7339.208, chrome: {chromedriverVersion: 140.0.7339.207 (17230b545fd..., userDataDir: C:\Windows\SystemTemp\scope...}, fedcm:accounts: true, goog:chromeOptions: {debuggerAddress: localhost:50799}, networkConnectionEnabled: false, pageLoadStrategy: normal, platformName: windows, proxy: Proxy(), se:cdp: ws://localhost:50799/devtoo..., se:cdpVersion: 140.0.7339.208, setWindowRect: true, strictFileInteractability: false, timeouts: {implicit: 0, pageLoad: 300000, script: 30000}, unhandledPromptBehavior: dismiss and notify, webauthn:extension:credBlob: true, webauthn:extension:largeBlob: true, webauthn:extension:minPinLength: true, webauthn:extension:prf: true, webauthn:virtualAuthenticators: true}
Session ID: 6f86c46b0c6287d1028b62609dae9273
	at org.openqa.selenium.remote.ErrorCodec.decode(ErrorCodec.java:167)
	at org.openqa.selenium.remote.codec.w3c.W3CHttpResponseCodec.decode(W3CHttpResponseCodec.java:138)
	at org.openqa.selenium.remote.codec.w3c.W3CHttpResponseCodec.decode(W3CHttpResponseCodec.java:50)
	at org.openqa.selenium.remote.HttpCommandExecutor.execute(HttpCommandExecutor.java:190)
	at org.openqa.selenium.remote.service.DriverCommandExecutor.invokeExecute(DriverCommandExecutor.java:216)
	at org.openqa.selenium.remote.service.DriverCommandExecutor.execute(DriverCommandExecutor.java:174)
	at org.openqa.selenium.remote.RemoteWebDriver.execute(RemoteWebDriver.java:545)
	at org.openqa.selenium.remote.ElementLocation$ElementFinder$2.findElement(ElementLocation.java:165)
	at org.openqa.selenium.remote.ElementLocation.findElement(ElementLocation.java:59)
	at org.openqa.selenium.remote.RemoteWebDriver.findElement(RemoteWebDriver.java:368)
	at org.openqa.selenium.remote.RemoteWebDriver.findElement(RemoteWebDriver.java:362)
	at org.openqa.selenium.support.pagefactory.DefaultElementLocator.findElement(DefaultElementLocator.java:68)
	at org.openqa.selenium.support.pagefactory.internal.LocatingElementHandler.invoke(LocatingElementHandler.java:38)
	at jdk.proxy2/jdk.proxy2.$Proxy20.isDisplayed(Unknown Source)
	at org.openqa.selenium.support.ui.ExpectedConditions.elementIfVisible(ExpectedConditions.java:304)
	at org.openqa.selenium.support.ui.ExpectedConditions$10.apply(ExpectedConditions.java:290)
	at org.openqa.selenium.support.ui.ExpectedConditions$10.apply(ExpectedConditions.java:287)
	at org.openqa.selenium.support.ui.ExpectedConditions$23.apply(ExpectedConditions.java:656)
	at org.openqa.selenium.support.ui.ExpectedConditions$23.apply(ExpectedConditions.java:652)
	at org.openqa.selenium.support.ui.FluentWait.until(FluentWait.java:203)
	... 31 more
... Removed 32 stack frames
</div> <!-- stack-trace -->
                </div> <!-- method-content -->
              </div> <!-- method -->
              <div class="method">
                <div class="method-content">
                  <a name="transferTransactionHistory(john, demo, 5)">
                  </a> <!-- transferTransactionHistory(john, demo, 5) -->
                  <span class="method-name">transferTransactionHistory</span>
                  <span class="parameters">(john,demo,5)</span>
                  <div class="stack-trace">org.openqa.selenium.StaleElementReferenceException: stale element reference: stale element not found
  (Session info: chrome=140.0.7339.208)
For documentation on this error, please visit: https://www.selenium.dev/documentation/webdriver/troubleshooting/errors#stale-element-reference-exception
Build info: version: &apos;4.24.0&apos;, revision: &apos;748ffc9bc3&apos;
System info: os.name: &apos;Windows 10&apos;, os.arch: &apos;amd64&apos;, os.version: &apos;10.0&apos;, java.version: &apos;17.0.11&apos;
Driver info: org.openqa.selenium.chrome.ChromeDriver
Command: [5d3545991aeec3a2761d4e2a95831c43, isElementDisplayed {id=f.F3F3B82C57DBE4A5830DF81E7BA7CB1A.d.F0592B087B6B6B1BDFBDB1AEFF1FC052.e.11}]
Capabilities {acceptInsecureCerts: false, browserName: chrome, browserVersion: 140.0.7339.208, chrome: {chromedriverVersion: 140.0.7339.207 (17230b545fd..., userDataDir: C:\Windows\SystemTemp\scope...}, fedcm:accounts: true, goog:chromeOptions: {debuggerAddress: localhost:50841}, networkConnectionEnabled: false, pageLoadStrategy: normal, platformName: windows, proxy: Proxy(), se:cdp: ws://localhost:50841/devtoo..., se:cdpVersion: 140.0.7339.208, setWindowRect: true, strictFileInteractability: false, timeouts: {implicit: 0, pageLoad: 300000, script: 30000}, unhandledPromptBehavior: dismiss and notify, webauthn:extension:credBlob: true, webauthn:extension:largeBlob: true, webauthn:extension:minPinLength: true, webauthn:extension:prf: true, webauthn:virtualAuthenticators: true}
Element: [[ChromeDriver: chrome on windows (5d3545991aeec3a2761d4e2a95831c43)] -&gt; link text: Transfer Funds]
Session ID: 5d3545991aeec3a2761d4e2a95831c43
	at org.openqa.selenium.remote.ErrorCodec.decode(ErrorCodec.java:167)
	at org.openqa.selenium.remote.codec.w3c.W3CHttpResponseCodec.decode(W3CHttpResponseCodec.java:138)
	at org.openqa.selenium.remote.codec.w3c.W3CHttpResponseCodec.decode(W3CHttpResponseCodec.java:50)
	at org.openqa.selenium.remote.HttpCommandExecutor.execute(HttpCommandExecutor.java:190)
	at org.openqa.selenium.remote.service.DriverCommandExecutor.invokeExecute(DriverCommandExecutor.java:216)
	at org.openqa.selenium.remote.service.DriverCommandExecutor.execute(DriverCommandExecutor.java:174)
	at org.openqa.selenium.remote.RemoteWebDriver.execute(RemoteWebDriver.java:545)
	at org.openqa.selenium.remote.RemoteWebElement.execute(RemoteWebElement.java:223)
	at org.openqa.selenium.remote.RemoteWebElement.isDisplayed(RemoteWebElement.java:282)
	at org.openqa.selenium.support.pagefactory.internal.LocatingElementHandler.invoke(LocatingElementHandler.java:51)
	at jdk.proxy2/jdk.proxy2.$Proxy20.isDisplayed(Unknown Source)
	at org.openqa.selenium.support.ui.ExpectedConditions.elementIfVisible(ExpectedConditions.java:304)
	at org.openqa.selenium.support.ui.ExpectedConditions$10.apply(ExpectedConditions.java:290)
	at org.openqa.selenium.support.ui.ExpectedConditions$10.apply(ExpectedConditions.java:287)
	at org.openqa.selenium.support.ui.ExpectedConditions$23.apply(ExpectedConditions.java:656)
	at org.openqa.selenium.support.ui.ExpectedConditions$23.apply(ExpectedConditions.java:652)
	at org.openqa.selenium.support.ui.FluentWait.until(FluentWait.java:203)
	at com.parabank.pages.BasePage.click(BasePage.java:21)
	at com.parabank.pages.AccountsOverviewPage.goToTransfer(AccountsOverviewPage.java:71)
	at com.parabank.tests.TransferTests.transferTransactionHistory(TransferTests.java:56)
	at java.base/java.util.ArrayList.forEach(ArrayList.java:1511)
... Removed 35 stack frames
</div> <!-- stack-trace -->
                </div> <!-- method-content -->
              </div> <!-- method -->
            </div> <!-- main-panel-content rounded-window-bottom -->
          </div> <!-- suite-ParaBank_Test_Suite-class-failed -->
          <div class="suite-ParaBank_Test_Suite-class-failed">
            <div class="main-panel-header rounded-window-top">
              <img src="failed.png"/>
              <span class="class-name">com.parabank.tests.BillPayTests</span>
            </div> <!-- main-panel-header rounded-window-top -->
            <div class="main-panel-content rounded-window-bottom">
              <div class="method">
                <div class="method-content">
                  <a name="billPayScenarios(john, demo, , , Metropolis, CA, 90210, 5551234567, 123456, , validation)">
                  </a> <!-- billPayScenarios(john, demo, , , Metropolis, CA, 90210, 5551234567, 123456, , validation) -->
                  <span class="method-name">billPayScenarios</span>
                  <span class="parameters">(john,demo,,,Metropolis,CA,90210,5551234567,123456,,validation)</span>
                  <div class="stack-trace">org.openqa.selenium.StaleElementReferenceException: stale element reference: stale element not found
  (Session info: chrome=140.0.7339.208)
For documentation on this error, please visit: https://www.selenium.dev/documentation/webdriver/troubleshooting/errors#stale-element-reference-exception
Build info: version: &apos;4.24.0&apos;, revision: &apos;748ffc9bc3&apos;
System info: os.name: &apos;Windows 10&apos;, os.arch: &apos;amd64&apos;, os.version: &apos;10.0&apos;, java.version: &apos;17.0.11&apos;
Driver info: org.openqa.selenium.chrome.ChromeDriver
Command: [b5092a21d3b13c6d6843076e0cb9bee0, isElementDisplayed {id=f.7C9033B7BC28770060F8318B1D551615.d.7A8384EF07F7CF400DFDE895EA7D2169.e.11}]
Capabilities {acceptInsecureCerts: false, browserName: chrome, browserVersion: 140.0.7339.208, chrome: {chromedriverVersion: 140.0.7339.207 (17230b545fd..., userDataDir: C:\Windows\SystemTemp\scope...}, fedcm:accounts: true, goog:chromeOptions: {debuggerAddress: localhost:50899}, networkConnectionEnabled: false, pageLoadStrategy: normal, platformName: windows, proxy: Proxy(), se:cdp: ws://localhost:50899/devtoo..., se:cdpVersion: 140.0.7339.208, setWindowRect: true, strictFileInteractability: false, timeouts: {implicit: 0, pageLoad: 300000, script: 30000}, unhandledPromptBehavior: dismiss and notify, webauthn:extension:credBlob: true, webauthn:extension:largeBlob: true, webauthn:extension:minPinLength: true, webauthn:extension:prf: true, webauthn:virtualAuthenticators: true}
Element: [[ChromeDriver: chrome on windows (b5092a21d3b13c6d6843076e0cb9bee0)] -&gt; link text: Bill Pay]
Session ID: b5092a21d3b13c6d6843076e0cb9bee0
	at org.openqa.selenium.remote.ErrorCodec.decode(ErrorCodec.java:167)
	at org.openqa.selenium.remote.codec.w3c.W3CHttpResponseCodec.decode(W3CHttpResponseCodec.java:138)
	at org.openqa.selenium.remote.codec.w3c.W3CHttpResponseCodec.decode(W3CHttpResponseCodec.java:50)
	at org.openqa.selenium.remote.HttpCommandExecutor.execute(HttpCommandExecutor.java:190)
	at org.openqa.selenium.remote.service.DriverCommandExecutor.invokeExecute(DriverCommandExecutor.java:216)
	at org.openqa.selenium.remote.service.DriverCommandExecutor.execute(DriverCommandExecutor.java:174)
	at org.openqa.selenium.remote.RemoteWebDriver.execute(RemoteWebDriver.java:545)
	at org.openqa.selenium.remote.RemoteWebElement.execute(RemoteWebElement.java:223)
	at org.openqa.selenium.remote.RemoteWebElement.isDisplayed(RemoteWebElement.java:282)
	at org.openqa.selenium.support.pagefactory.internal.LocatingElementHandler.invoke(LocatingElementHandler.java:51)
	at jdk.proxy2/jdk.proxy2.$Proxy20.isDisplayed(Unknown Source)
	at org.openqa.selenium.support.ui.ExpectedConditions.elementIfVisible(ExpectedConditions.java:304)
	at org.openqa.selenium.support.ui.ExpectedConditions$10.apply(ExpectedConditions.java:290)
	at org.openqa.selenium.support.ui.ExpectedConditions$10.apply(ExpectedConditions.java:287)
	at org.openqa.selenium.support.ui.ExpectedConditions$23.apply(ExpectedConditions.java:656)
	at org.openqa.selenium.support.ui.ExpectedConditions$23.apply(ExpectedConditions.java:652)
	at org.openqa.selenium.support.ui.FluentWait.until(FluentWait.java:203)
	at com.parabank.pages.BasePage.click(BasePage.java:21)
	at com.parabank.pages.AccountsOverviewPage.goToBillPay(AccountsOverviewPage.java:76)
	at com.parabank.tests.BillPayTests.billPayScenarios(BillPayTests.java:15)
	at java.base/java.util.ArrayList.forEach(ArrayList.java:1511)
... Removed 35 stack frames
</div> <!-- stack-trace -->
                </div> <!-- method-content -->
              </div> <!-- method -->
              <div class="method">
                <div class="method-content">
                  <a name="paymentHistory(john, demo, 7.50)">
                  </a> <!-- paymentHistory(john, demo, 7.50) -->
                  <span class="method-name">paymentHistory</span>
                  <span class="parameters">(john,demo,7.50)</span>
                  <div class="stack-trace">org.openqa.selenium.StaleElementReferenceException: stale element reference: stale element not found
  (Session info: chrome=140.0.7339.208)
For documentation on this error, please visit: https://www.selenium.dev/documentation/webdriver/troubleshooting/errors#stale-element-reference-exception
Build info: version: &apos;4.24.0&apos;, revision: &apos;748ffc9bc3&apos;
System info: os.name: &apos;Windows 10&apos;, os.arch: &apos;amd64&apos;, os.version: &apos;10.0&apos;, java.version: &apos;17.0.11&apos;
Driver info: org.openqa.selenium.chrome.ChromeDriver
Command: [6f6290df838e5b496b7fa192b4529d60, isElementDisplayed {id=f.F7DC866D221414A84FFC4B9B5F1A16F7.d.D35EB333BA125A12D96A8BC0D015AE3E.e.11}]
Capabilities {acceptInsecureCerts: false, browserName: chrome, browserVersion: 140.0.7339.208, chrome: {chromedriverVersion: 140.0.7339.207 (17230b545fd..., userDataDir: C:\Windows\SystemTemp\scope...}, fedcm:accounts: true, goog:chromeOptions: {debuggerAddress: localhost:50924}, networkConnectionEnabled: false, pageLoadStrategy: normal, platformName: windows, proxy: Proxy(), se:cdp: ws://localhost:50924/devtoo..., se:cdpVersion: 140.0.7339.208, setWindowRect: true, strictFileInteractability: false, timeouts: {implicit: 0, pageLoad: 300000, script: 30000}, unhandledPromptBehavior: dismiss and notify, webauthn:extension:credBlob: true, webauthn:extension:largeBlob: true, webauthn:extension:minPinLength: true, webauthn:extension:prf: true, webauthn:virtualAuthenticators: true}
Element: [[ChromeDriver: chrome on windows (6f6290df838e5b496b7fa192b4529d60)] -&gt; link text: Bill Pay]
Session ID: 6f6290df838e5b496b7fa192b4529d60
	at org.openqa.selenium.remote.ErrorCodec.decode(ErrorCodec.java:167)
	at org.openqa.selenium.remote.codec.w3c.W3CHttpResponseCodec.decode(W3CHttpResponseCodec.java:138)
	at org.openqa.selenium.remote.codec.w3c.W3CHttpResponseCodec.decode(W3CHttpResponseCodec.java:50)
	at org.openqa.selenium.remote.HttpCommandExecutor.execute(HttpCommandExecutor.java:190)
	at org.openqa.selenium.remote.service.DriverCommandExecutor.invokeExecute(DriverCommandExecutor.java:216)
	at org.openqa.selenium.remote.service.DriverCommandExecutor.execute(DriverCommandExecutor.java:174)
	at org.openqa.selenium.remote.RemoteWebDriver.execute(RemoteWebDriver.java:545)
	at org.openqa.selenium.remote.RemoteWebElement.execute(RemoteWebElement.java:223)
	at org.openqa.selenium.remote.RemoteWebElement.isDisplayed(RemoteWebElement.java:282)
	at org.openqa.selenium.support.pagefactory.internal.LocatingElementHandler.invoke(LocatingElementHandler.java:51)
	at jdk.proxy2/jdk.proxy2.$Proxy20.isDisplayed(Unknown Source)
	at org.openqa.selenium.support.ui.ExpectedConditions.elementIfVisible(ExpectedConditions.java:304)
	at org.openqa.selenium.support.ui.ExpectedConditions$10.apply(ExpectedConditions.java:290)
	at org.openqa.selenium.support.ui.ExpectedConditions$10.apply(ExpectedConditions.java:287)
	at org.openqa.selenium.support.ui.ExpectedConditions$23.apply(ExpectedConditions.java:656)
	at org.openqa.selenium.support.ui.ExpectedConditions$23.apply(ExpectedConditions.java:652)
	at org.openqa.selenium.support.ui.FluentWait.until(FluentWait.java:203)
	at com.parabank.pages.BasePage.click(BasePage.java:21)
	at com.parabank.pages.AccountsOverviewPage.goToBillPay(AccountsOverviewPage.java:76)
	at com.parabank.tests.BillPayTests.paymentHistory(BillPayTests.java:42)
	at java.base/java.util.ArrayList.forEach(ArrayList.java:1511)
... Removed 35 stack frames
</div> <!-- stack-trace -->
                </div> <!-- method-content -->
              </div> <!-- method -->
              <div class="method">
                <div class="method-content">
                  <a name="paymentHistory(john, demo, 5)">
                  </a> <!-- paymentHistory(john, demo, 5) -->
                  <span class="method-name">paymentHistory</span>
                  <span class="parameters">(john,demo,5)</span>
                  <div class="stack-trace">org.openqa.selenium.TimeoutException: Expected condition failed: waiting for element to be clickable: Proxy element for: DefaultElementLocator &apos;By.cssSelector: input[value=&apos;Find Transactions&apos;]&apos; (tried for 20 second(s) with 500 milliseconds interval)
	at org.openqa.selenium.support.ui.WebDriverWait.timeoutException(WebDriverWait.java:84)
	at org.openqa.selenium.support.ui.FluentWait.until(FluentWait.java:228)
	at com.parabank.pages.BasePage.click(BasePage.java:21)
	at com.parabank.pages.FindTransactionsPage.searchByAmount(FindTransactionsPage.java:15)
	at com.parabank.tests.BillPayTests.paymentHistory(BillPayTests.java:54)
	at java.base/java.util.ArrayList.forEach(ArrayList.java:1511)
Caused by: org.openqa.selenium.NoSuchElementException: no such element: Unable to locate element: {&quot;method&quot;:&quot;css selector&quot;,&quot;selector&quot;:&quot;input[value=&apos;Find Transactions&apos;]&quot;}
  (Session info: chrome=140.0.7339.208)
For documentation on this error, please visit: https://www.selenium.dev/documentation/webdriver/troubleshooting/errors#no-such-element-exception
Build info: version: &apos;4.24.0&apos;, revision: &apos;748ffc9bc3&apos;
System info: os.name: &apos;Windows 10&apos;, os.arch: &apos;amd64&apos;, os.version: &apos;10.0&apos;, java.version: &apos;17.0.11&apos;
Driver info: org.openqa.selenium.chrome.ChromeDriver
Command: [c390828e97898f4b60873dbe07df95b4, findElement {using=css selector, value=input[value=&apos;Find Transactions&apos;]}]
Capabilities {acceptInsecureCerts: false, browserName: chrome, browserVersion: 140.0.7339.208, chrome: {chromedriverVersion: 140.0.7339.207 (17230b545fd..., userDataDir: C:\Windows\SystemTemp\scope...}, fedcm:accounts: true, goog:chromeOptions: {debuggerAddress: localhost:50949}, networkConnectionEnabled: false, pageLoadStrategy: normal, platformName: windows, proxy: Proxy(), se:cdp: ws://localhost:50949/devtoo..., se:cdpVersion: 140.0.7339.208, setWindowRect: true, strictFileInteractability: false, timeouts: {implicit: 0, pageLoad: 300000, script: 30000}, unhandledPromptBehavior: dismiss and notify, webauthn:extension:credBlob: true, webauthn:extension:largeBlob: true, webauthn:extension:minPinLength: true, webauthn:extension:prf: true, webauthn:virtualAuthenticators: true}
Session ID: c390828e97898f4b60873dbe07df95b4
	at org.openqa.selenium.remote.ErrorCodec.decode(ErrorCodec.java:167)
	at org.openqa.selenium.remote.codec.w3c.W3CHttpResponseCodec.decode(W3CHttpResponseCodec.java:138)
	at org.openqa.selenium.remote.codec.w3c.W3CHttpResponseCodec.decode(W3CHttpResponseCodec.java:50)
	at org.openqa.selenium.remote.HttpCommandExecutor.execute(HttpCommandExecutor.java:190)
	at org.openqa.selenium.remote.service.DriverCommandExecutor.invokeExecute(DriverCommandExecutor.java:216)
	at org.openqa.selenium.remote.service.DriverCommandExecutor.execute(DriverCommandExecutor.java:174)
	at org.openqa.selenium.remote.RemoteWebDriver.execute(RemoteWebDriver.java:545)
	at org.openqa.selenium.remote.ElementLocation$ElementFinder$2.findElement(ElementLocation.java:165)
	at org.openqa.selenium.remote.ElementLocation.findElement(ElementLocation.java:59)
	at org.openqa.selenium.remote.RemoteWebDriver.findElement(RemoteWebDriver.java:368)
	at org.openqa.selenium.remote.RemoteWebDriver.findElement(RemoteWebDriver.java:362)
	at org.openqa.selenium.support.pagefactory.DefaultElementLocator.findElement(DefaultElementLocator.java:68)
	at org.openqa.selenium.support.pagefactory.internal.LocatingElementHandler.invoke(LocatingElementHandler.java:38)
	at jdk.proxy2/jdk.proxy2.$Proxy20.isDisplayed(Unknown Source)
	at org.openqa.selenium.support.ui.ExpectedConditions.elementIfVisible(ExpectedConditions.java:304)
	at org.openqa.selenium.support.ui.ExpectedConditions$10.apply(ExpectedConditions.java:290)
	at org.openqa.selenium.support.ui.ExpectedConditions$10.apply(ExpectedConditions.java:287)
	at org.openqa.selenium.support.ui.ExpectedConditions$23.apply(ExpectedConditions.java:656)
	at org.openqa.selenium.support.ui.ExpectedConditions$23.apply(ExpectedConditions.java:652)
	at org.openqa.selenium.support.ui.FluentWait.until(FluentWait.java:203)
	... 31 more
... Removed 31 stack frames
</div> <!-- stack-trace -->
                </div> <!-- method-content -->
              </div> <!-- method -->
            </div> <!-- main-panel-content rounded-window-bottom -->
          </div> <!-- suite-ParaBank_Test_Suite-class-failed -->
          <div class="suite-ParaBank_Test_Suite-class-failed">
            <div class="main-panel-header rounded-window-top">
              <img src="failed.png"/>
              <span class="class-name">com.parabank.tests.LoginTests</span>
            </div> <!-- main-panel-header rounded-window-top -->
            <div class="main-panel-content rounded-window-bottom">
              <div class="method">
                <div class="method-content">
                  <a name="testLogout(john, demo)">
                  </a> <!-- testLogout(john, demo) -->
                  <span class="method-name">testLogout</span>
                  <span class="parameters">(john,demo)</span>
                  <div class="stack-trace">org.openqa.selenium.TimeoutException: Expected condition failed: waiting for element to be clickable: Proxy element for: DefaultElementLocator &apos;By.linkText: Log Out&apos; (tried for 20 second(s) with 500 milliseconds interval)
	at org.openqa.selenium.support.ui.WebDriverWait.timeoutException(WebDriverWait.java:84)
	at org.openqa.selenium.support.ui.FluentWait.until(FluentWait.java:228)
	at com.parabank.pages.BasePage.click(BasePage.java:21)
	at com.parabank.pages.AccountsOverviewPage.logout(AccountsOverviewPage.java:66)
	at com.parabank.tests.LoginTests.testLogout(LoginTests.java:65)
	at java.base/java.util.ArrayList.forEach(ArrayList.java:1511)
Caused by: org.openqa.selenium.NoSuchElementException: no such element: Unable to locate element: {&quot;method&quot;:&quot;link text&quot;,&quot;selector&quot;:&quot;Log Out&quot;}
  (Session info: chrome=140.0.7339.208)
For documentation on this error, please visit: https://www.selenium.dev/documentation/webdriver/troubleshooting/errors#no-such-element-exception
Build info: version: &apos;4.24.0&apos;, revision: &apos;748ffc9bc3&apos;
System info: os.name: &apos;Windows 10&apos;, os.arch: &apos;amd64&apos;, os.version: &apos;10.0&apos;, java.version: &apos;17.0.11&apos;
Driver info: org.openqa.selenium.chrome.ChromeDriver
Command: [4797a905e25ec6879a40f46ba03f741f, findElement {using=link text, value=Log Out}]
Capabilities {acceptInsecureCerts: false, browserName: chrome, browserVersion: 140.0.7339.208, chrome: {chromedriverVersion: 140.0.7339.207 (17230b545fd..., userDataDir: C:\Windows\SystemTemp\scope...}, fedcm:accounts: true, goog:chromeOptions: {debuggerAddress: localhost:50366}, networkConnectionEnabled: false, pageLoadStrategy: normal, platformName: windows, proxy: Proxy(), se:cdp: ws://localhost:50366/devtoo..., se:cdpVersion: 140.0.7339.208, setWindowRect: true, strictFileInteractability: false, timeouts: {implicit: 0, pageLoad: 300000, script: 30000}, unhandledPromptBehavior: dismiss and notify, webauthn:extension:credBlob: true, webauthn:extension:largeBlob: true, webauthn:extension:minPinLength: true, webauthn:extension:prf: true, webauthn:virtualAuthenticators: true}
Session ID: 4797a905e25ec6879a40f46ba03f741f
	at org.openqa.selenium.remote.ErrorCodec.decode(ErrorCodec.java:167)
	at org.openqa.selenium.remote.codec.w3c.W3CHttpResponseCodec.decode(W3CHttpResponseCodec.java:138)
	at org.openqa.selenium.remote.codec.w3c.W3CHttpResponseCodec.decode(W3CHttpResponseCodec.java:50)
	at org.openqa.selenium.remote.HttpCommandExecutor.execute(HttpCommandExecutor.java:190)
	at org.openqa.selenium.remote.service.DriverCommandExecutor.invokeExecute(DriverCommandExecutor.java:216)
	at org.openqa.selenium.remote.service.DriverCommandExecutor.execute(DriverCommandExecutor.java:174)
	at org.openqa.selenium.remote.RemoteWebDriver.execute(RemoteWebDriver.java:545)
	at org.openqa.selenium.remote.ElementLocation$ElementFinder$2.findElement(ElementLocation.java:165)
	at org.openqa.selenium.remote.ElementLocation.findElement(ElementLocation.java:59)
	at org.openqa.selenium.remote.RemoteWebDriver.findElement(RemoteWebDriver.java:368)
	at org.openqa.selenium.remote.RemoteWebDriver.findElement(RemoteWebDriver.java:362)
	at org.openqa.selenium.support.pagefactory.DefaultElementLocator.findElement(DefaultElementLocator.java:68)
	at org.openqa.selenium.support.pagefactory.internal.LocatingElementHandler.invoke(LocatingElementHandler.java:38)
	at jdk.proxy2/jdk.proxy2.$Proxy20.isDisplayed(Unknown Source)
	at org.openqa.selenium.support.ui.ExpectedConditions.elementIfVisible(ExpectedConditions.java:304)
	at org.openqa.selenium.support.ui.ExpectedConditions$10.apply(ExpectedConditions.java:290)
	at org.openqa.selenium.support.ui.ExpectedConditions$10.apply(ExpectedConditions.java:287)
	at org.openqa.selenium.support.ui.ExpectedConditions$23.apply(ExpectedConditions.java:656)
	at org.openqa.selenium.support.ui.ExpectedConditions$23.apply(ExpectedConditions.java:652)
	at org.openqa.selenium.support.ui.FluentWait.until(FluentWait.java:203)
	... 31 more
... Removed 32 stack frames
</div> <!-- stack-trace -->
                </div> <!-- method-content -->
              </div> <!-- method -->
              <div class="method">
                <div class="method-content">
                  <a name="testSuccessfulLogin(john, demo, success)">
                  </a> <!-- testSuccessfulLogin(john, demo, success) -->
                  <span class="method-name">testSuccessfulLogin</span>
                  <span class="parameters">(john,demo,success)</span>
                  <div class="stack-trace">java.lang.AssertionError: Accounts Overview not visible after login expected [true] but found [false]
	at com.parabank.tests.LoginTests.testSuccessfulLogin(LoginTests.java:24)
	at java.base/java.util.ArrayList.forEach(ArrayList.java:1511)
... Removed 30 stack frames
</div> <!-- stack-trace -->
                </div> <!-- method-content -->
              </div> <!-- method -->
            </div> <!-- main-panel-content rounded-window-bottom -->
          </div> <!-- suite-ParaBank_Test_Suite-class-failed -->
          <div class="suite-ParaBank_Test_Suite-class-failed">
            <div class="main-panel-header rounded-window-top">
              <img src="failed.png"/>
              <span class="class-name">com.parabank.tests.AccountTests</span>
            </div> <!-- main-panel-header rounded-window-top -->
            <div class="main-panel-content rounded-window-bottom">
              <div class="method">
                <div class="method-content">
                  <a name="verifyAccountDetailsPage(john, demo)">
                  </a> <!-- verifyAccountDetailsPage(john, demo) -->
                  <span class="method-name">verifyAccountDetailsPage</span>
                  <span class="parameters">(john,demo)</span>
                  <div class="stack-trace">org.openqa.selenium.TimeoutException: Expected condition failed: waiting for visibility of Proxy element for: DefaultElementLocator &apos;By.xpath: //a[normalize-space()=&apos;Accounts Overview&apos;]&apos; (tried for 20 second(s) with 500 milliseconds interval)
	at org.openqa.selenium.support.ui.WebDriverWait.timeoutException(WebDriverWait.java:84)
	at org.openqa.selenium.support.ui.FluentWait.until(FluentWait.java:228)
	at com.parabank.pages.BasePage.waitForVisible(BasePage.java:23)
	at com.parabank.pages.AccountsOverviewPage.openFirstAccount(AccountsOverviewPage.java:91)
	at com.parabank.tests.AccountTests.verifyAccountDetailsPage(AccountTests.java:22)
	at java.base/java.util.ArrayList.forEach(ArrayList.java:1511)
Caused by: org.openqa.selenium.NoSuchElementException: no such element: Unable to locate element: {&quot;method&quot;:&quot;xpath&quot;,&quot;selector&quot;:&quot;//a[normalize-space()=&apos;Accounts Overview&apos;]&quot;}
  (Session info: chrome=140.0.7339.208)
For documentation on this error, please visit: https://www.selenium.dev/documentation/webdriver/troubleshooting/errors#no-such-element-exception
Build info: version: &apos;4.24.0&apos;, revision: &apos;748ffc9bc3&apos;
System info: os.name: &apos;Windows 10&apos;, os.arch: &apos;amd64&apos;, os.version: &apos;10.0&apos;, java.version: &apos;17.0.11&apos;
Driver info: org.openqa.selenium.chrome.ChromeDriver
Command: [6c07ce9100fc127ea3e6805e39c4db34, findElement {using=xpath, value=//a[normalize-space()=&apos;Accounts Overview&apos;]}]
Capabilities {acceptInsecureCerts: false, browserName: chrome, browserVersion: 140.0.7339.208, chrome: {chromedriverVersion: 140.0.7339.207 (17230b545fd..., userDataDir: C:\Windows\SystemTemp\scope...}, fedcm:accounts: true, goog:chromeOptions: {debuggerAddress: localhost:50536}, networkConnectionEnabled: false, pageLoadStrategy: normal, platformName: windows, proxy: Proxy(), se:cdp: ws://localhost:50536/devtoo..., se:cdpVersion: 140.0.7339.208, setWindowRect: true, strictFileInteractability: false, timeouts: {implicit: 0, pageLoad: 300000, script: 30000}, unhandledPromptBehavior: dismiss and notify, webauthn:extension:credBlob: true, webauthn:extension:largeBlob: true, webauthn:extension:minPinLength: true, webauthn:extension:prf: true, webauthn:virtualAuthenticators: true}
Session ID: 6c07ce9100fc127ea3e6805e39c4db34
	at org.openqa.selenium.remote.ErrorCodec.decode(ErrorCodec.java:167)
	at org.openqa.selenium.remote.codec.w3c.W3CHttpResponseCodec.decode(W3CHttpResponseCodec.java:138)
	at org.openqa.selenium.remote.codec.w3c.W3CHttpResponseCodec.decode(W3CHttpResponseCodec.java:50)
	at org.openqa.selenium.remote.HttpCommandExecutor.execute(HttpCommandExecutor.java:190)
	at org.openqa.selenium.remote.service.DriverCommandExecutor.invokeExecute(DriverCommandExecutor.java:216)
	at org.openqa.selenium.remote.service.DriverCommandExecutor.execute(DriverCommandExecutor.java:174)
	at org.openqa.selenium.remote.RemoteWebDriver.execute(RemoteWebDriver.java:545)
	at org.openqa.selenium.remote.ElementLocation$ElementFinder$2.findElement(ElementLocation.java:165)
	at org.openqa.selenium.remote.ElementLocation.findElement(ElementLocation.java:59)
	at org.openqa.selenium.remote.RemoteWebDriver.findElement(RemoteWebDriver.java:368)
	at org.openqa.selenium.remote.RemoteWebDriver.findElement(RemoteWebDriver.java:362)
	at org.openqa.selenium.support.pagefactory.DefaultElementLocator.findElement(DefaultElementLocator.java:68)
	at org.openqa.selenium.support.pagefactory.internal.LocatingElementHandler.invoke(LocatingElementHandler.java:38)
	at jdk.proxy2/jdk.proxy2.$Proxy20.isDisplayed(Unknown Source)
	at org.openqa.selenium.support.ui.ExpectedConditions.elementIfVisible(ExpectedConditions.java:304)
	at org.openqa.selenium.support.ui.ExpectedConditions$10.apply(ExpectedConditions.java:290)
	at org.openqa.selenium.support.ui.ExpectedConditions$10.apply(ExpectedConditions.java:287)
	at org.openqa.selenium.support.ui.FluentWait.until(FluentWait.java:203)
	... 31 more
... Removed 32 stack frames
</div> <!-- stack-trace -->
                </div> <!-- method-content -->
              </div> <!-- method -->
              <div class="method">
                <div class="method-content">
                  <a name="verifyAccountOverview(john, demo)">
                  </a> <!-- verifyAccountOverview(john, demo) -->
                  <span class="method-name">verifyAccountOverview</span>
                  <span class="parameters">(john,demo)</span>
                  <div class="stack-trace">java.lang.AssertionError: Accounts Overview was not visible expected [true] but found [false]
	at com.parabank.tests.AccountTests.verifyAccountOverview(AccountTests.java:15)
	at java.base/java.util.ArrayList.forEach(ArrayList.java:1511)
... Removed 30 stack frames
</div> <!-- stack-trace -->
                </div> <!-- method-content -->
              </div> <!-- method -->
              <div class="method">
                <div class="method-content">
                  <a name="verifyActivityFiltering(john, demo, All)">
                  </a> <!-- verifyActivityFiltering(john, demo, All) -->
                  <span class="method-name">verifyActivityFiltering</span>
                  <span class="parameters">(john,demo,All)</span>
                  <div class="stack-trace">org.openqa.selenium.TimeoutException: Expected condition failed: waiting for visibility of Proxy element for: DefaultElementLocator &apos;By.xpath: //a[normalize-space()=&apos;Accounts Overview&apos;]&apos; (tried for 20 second(s) with 500 milliseconds interval)
	at org.openqa.selenium.support.ui.WebDriverWait.timeoutException(WebDriverWait.java:84)
	at org.openqa.selenium.support.ui.FluentWait.until(FluentWait.java:228)
	at com.parabank.pages.BasePage.waitForVisible(BasePage.java:23)
	at com.parabank.pages.AccountsOverviewPage.openFirstAccount(AccountsOverviewPage.java:91)
	at com.parabank.tests.AccountTests.verifyActivityFiltering(AccountTests.java:30)
	at java.base/java.util.ArrayList.forEach(ArrayList.java:1511)
Caused by: org.openqa.selenium.NoSuchElementException: no such element: Unable to locate element: {&quot;method&quot;:&quot;xpath&quot;,&quot;selector&quot;:&quot;//a[normalize-space()=&apos;Accounts Overview&apos;]&quot;}
  (Session info: chrome=140.0.7339.208)
For documentation on this error, please visit: https://www.selenium.dev/documentation/webdriver/troubleshooting/errors#no-such-element-exception
Build info: version: &apos;4.24.0&apos;, revision: &apos;748ffc9bc3&apos;
System info: os.name: &apos;Windows 10&apos;, os.arch: &apos;amd64&apos;, os.version: &apos;10.0&apos;, java.version: &apos;17.0.11&apos;
Driver info: org.openqa.selenium.chrome.ChromeDriver
Command: [b02635307bc6bc76647648dbbe70a7a0, findElement {using=xpath, value=//a[normalize-space()=&apos;Accounts Overview&apos;]}]
Capabilities {acceptInsecureCerts: false, browserName: chrome, browserVersion: 140.0.7339.208, chrome: {chromedriverVersion: 140.0.7339.207 (17230b545fd..., userDataDir: C:\Windows\SystemTemp\scope...}, fedcm:accounts: true, goog:chromeOptions: {debuggerAddress: localhost:50578}, networkConnectionEnabled: false, pageLoadStrategy: normal, platformName: windows, proxy: Proxy(), se:cdp: ws://localhost:50578/devtoo..., se:cdpVersion: 140.0.7339.208, setWindowRect: true, strictFileInteractability: false, timeouts: {implicit: 0, pageLoad: 300000, script: 30000}, unhandledPromptBehavior: dismiss and notify, webauthn:extension:credBlob: true, webauthn:extension:largeBlob: true, webauthn:extension:minPinLength: true, webauthn:extension:prf: true, webauthn:virtualAuthenticators: true}
Session ID: b02635307bc6bc76647648dbbe70a7a0
	at org.openqa.selenium.remote.ErrorCodec.decode(ErrorCodec.java:167)
	at org.openqa.selenium.remote.codec.w3c.W3CHttpResponseCodec.decode(W3CHttpResponseCodec.java:138)
	at org.openqa.selenium.remote.codec.w3c.W3CHttpResponseCodec.decode(W3CHttpResponseCodec.java:50)
	at org.openqa.selenium.remote.HttpCommandExecutor.execute(HttpCommandExecutor.java:190)
	at org.openqa.selenium.remote.service.DriverCommandExecutor.invokeExecute(DriverCommandExecutor.java:216)
	at org.openqa.selenium.remote.service.DriverCommandExecutor.execute(DriverCommandExecutor.java:174)
	at org.openqa.selenium.remote.RemoteWebDriver.execute(RemoteWebDriver.java:545)
	at org.openqa.selenium.remote.ElementLocation$ElementFinder$2.findElement(ElementLocation.java:165)
	at org.openqa.selenium.remote.ElementLocation.findElement(ElementLocation.java:59)
	at org.openqa.selenium.remote.RemoteWebDriver.findElement(RemoteWebDriver.java:368)
	at org.openqa.selenium.remote.RemoteWebDriver.findElement(RemoteWebDriver.java:362)
	at org.openqa.selenium.support.pagefactory.DefaultElementLocator.findElement(DefaultElementLocator.java:68)
	at org.openqa.selenium.support.pagefactory.internal.LocatingElementHandler.invoke(LocatingElementHandler.java:38)
	at jdk.proxy2/jdk.proxy2.$Proxy20.isDisplayed(Unknown Source)
	at org.openqa.selenium.support.ui.ExpectedConditions.elementIfVisible(ExpectedConditions.java:304)
	at org.openqa.selenium.support.ui.ExpectedConditions$10.apply(ExpectedConditions.java:290)
	at org.openqa.selenium.support.ui.ExpectedConditions$10.apply(ExpectedConditions.java:287)
	at org.openqa.selenium.support.ui.FluentWait.until(FluentWait.java:203)
	... 31 more
... Removed 32 stack frames
</div> <!-- stack-trace -->
                </div> <!-- method-content -->
              </div> <!-- method -->
            </div> <!-- main-panel-content rounded-window-bottom -->
          </div> <!-- suite-ParaBank_Test_Suite-class-failed -->
          <div class="suite-ParaBank_Test_Suite-class-failed">
            <div class="main-panel-header rounded-window-top">
              <img src="failed.png"/>
              <span class="class-name">com.parabank.tests.LoanTests</span>
            </div> <!-- main-panel-header rounded-window-top -->
            <div class="main-panel-content rounded-window-bottom">
              <div class="method">
                <div class="method-content">
                  <a name="findTransactions(john, demo, 5)">
                  </a> <!-- findTransactions(john, demo, 5) -->
                  <span class="method-name">findTransactions</span>
                  <span class="parameters">(john,demo,5)</span>
                  <div class="stack-trace">org.openqa.selenium.StaleElementReferenceException: stale element reference: stale element not found
  (Session info: chrome=140.0.7339.208)
For documentation on this error, please visit: https://www.selenium.dev/documentation/webdriver/troubleshooting/errors#stale-element-reference-exception
Build info: version: &apos;4.24.0&apos;, revision: &apos;748ffc9bc3&apos;
System info: os.name: &apos;Windows 10&apos;, os.arch: &apos;amd64&apos;, os.version: &apos;10.0&apos;, java.version: &apos;17.0.11&apos;
Driver info: org.openqa.selenium.chrome.ChromeDriver
Command: [b43d9518791078deffc2a302cc82e602, isElementDisplayed {id=f.06066F79345B2CB91284484DE9DF0DA1.d.E1506A09B39E1033EDB9F66A65FFE929.e.11}]
Capabilities {acceptInsecureCerts: false, browserName: chrome, browserVersion: 140.0.7339.208, chrome: {chromedriverVersion: 140.0.7339.207 (17230b545fd..., userDataDir: C:\Windows\SystemTemp\scope...}, fedcm:accounts: true, goog:chromeOptions: {debuggerAddress: localhost:51062}, networkConnectionEnabled: false, pageLoadStrategy: normal, platformName: windows, proxy: Proxy(), se:cdp: ws://localhost:51062/devtoo..., se:cdpVersion: 140.0.7339.208, setWindowRect: true, strictFileInteractability: false, timeouts: {implicit: 0, pageLoad: 300000, script: 30000}, unhandledPromptBehavior: dismiss and notify, webauthn:extension:credBlob: true, webauthn:extension:largeBlob: true, webauthn:extension:minPinLength: true, webauthn:extension:prf: true, webauthn:virtualAuthenticators: true}
Element: [[ChromeDriver: chrome on windows (b43d9518791078deffc2a302cc82e602)] -&gt; link text: Bill Pay]
Session ID: b43d9518791078deffc2a302cc82e602
	at org.openqa.selenium.remote.ErrorCodec.decode(ErrorCodec.java:167)
	at org.openqa.selenium.remote.codec.w3c.W3CHttpResponseCodec.decode(W3CHttpResponseCodec.java:138)
	at org.openqa.selenium.remote.codec.w3c.W3CHttpResponseCodec.decode(W3CHttpResponseCodec.java:50)
	at org.openqa.selenium.remote.HttpCommandExecutor.execute(HttpCommandExecutor.java:190)
	at org.openqa.selenium.remote.service.DriverCommandExecutor.invokeExecute(DriverCommandExecutor.java:216)
	at org.openqa.selenium.remote.service.DriverCommandExecutor.execute(DriverCommandExecutor.java:174)
	at org.openqa.selenium.remote.RemoteWebDriver.execute(RemoteWebDriver.java:545)
	at org.openqa.selenium.remote.RemoteWebElement.execute(RemoteWebElement.java:223)
	at org.openqa.selenium.remote.RemoteWebElement.isDisplayed(RemoteWebElement.java:282)
	at org.openqa.selenium.support.pagefactory.internal.LocatingElementHandler.invoke(LocatingElementHandler.java:51)
	at jdk.proxy2/jdk.proxy2.$Proxy20.isDisplayed(Unknown Source)
	at org.openqa.selenium.support.ui.ExpectedConditions.elementIfVisible(ExpectedConditions.java:304)
	at org.openqa.selenium.support.ui.ExpectedConditions$10.apply(ExpectedConditions.java:290)
	at org.openqa.selenium.support.ui.ExpectedConditions$10.apply(ExpectedConditions.java:287)
	at org.openqa.selenium.support.ui.ExpectedConditions$23.apply(ExpectedConditions.java:656)
	at org.openqa.selenium.support.ui.ExpectedConditions$23.apply(ExpectedConditions.java:652)
	at org.openqa.selenium.support.ui.FluentWait.until(FluentWait.java:203)
	at com.parabank.pages.BasePage.click(BasePage.java:21)
	at com.parabank.pages.AccountsOverviewPage.goToBillPay(AccountsOverviewPage.java:76)
	at com.parabank.tests.LoanTests.findTransactions(LoanTests.java:28)
	at java.base/java.util.ArrayList.forEach(ArrayList.java:1511)
... Removed 35 stack frames
</div> <!-- stack-trace -->
                </div> <!-- method-content -->
              </div> <!-- method -->
              <div class="method">
                <div class="method-content">
                  <a name="findTransactions(john, demo, 7.50)">
                  </a> <!-- findTransactions(john, demo, 7.50) -->
                  <span class="method-name">findTransactions</span>
                  <span class="parameters">(john,demo,7.50)</span>
                  <div class="stack-trace">org.openqa.selenium.TimeoutException: Expected condition failed: waiting for element to be clickable: Proxy element for: DefaultElementLocator &apos;By.cssSelector: input[value=&apos;Find Transactions&apos;]&apos; (tried for 20 second(s) with 500 milliseconds interval)
	at org.openqa.selenium.support.ui.WebDriverWait.timeoutException(WebDriverWait.java:84)
	at org.openqa.selenium.support.ui.FluentWait.until(FluentWait.java:228)
	at com.parabank.pages.BasePage.click(BasePage.java:21)
	at com.parabank.pages.FindTransactionsPage.searchByAmount(FindTransactionsPage.java:15)
	at com.parabank.tests.LoanTests.findTransactions(LoanTests.java:40)
	at java.base/java.util.ArrayList.forEach(ArrayList.java:1511)
Caused by: org.openqa.selenium.NoSuchElementException: no such element: Unable to locate element: {&quot;method&quot;:&quot;css selector&quot;,&quot;selector&quot;:&quot;input[value=&apos;Find Transactions&apos;]&quot;}
  (Session info: chrome=140.0.7339.208)
For documentation on this error, please visit: https://www.selenium.dev/documentation/webdriver/troubleshooting/errors#no-such-element-exception
Build info: version: &apos;4.24.0&apos;, revision: &apos;748ffc9bc3&apos;
System info: os.name: &apos;Windows 10&apos;, os.arch: &apos;amd64&apos;, os.version: &apos;10.0&apos;, java.version: &apos;17.0.11&apos;
Driver info: org.openqa.selenium.chrome.ChromeDriver
Command: [ab48dbb4fda9ff8b2cb9a5e656b9ca13, findElement {using=css selector, value=input[value=&apos;Find Transactions&apos;]}]
Capabilities {acceptInsecureCerts: false, browserName: chrome, browserVersion: 140.0.7339.208, chrome: {chromedriverVersion: 140.0.7339.207 (17230b545fd..., userDataDir: C:\Windows\SystemTemp\scope...}, fedcm:accounts: true, goog:chromeOptions: {debuggerAddress: localhost:51018}, networkConnectionEnabled: false, pageLoadStrategy: normal, platformName: windows, proxy: Proxy(), se:cdp: ws://localhost:51018/devtoo..., se:cdpVersion: 140.0.7339.208, setWindowRect: true, strictFileInteractability: false, timeouts: {implicit: 0, pageLoad: 300000, script: 30000}, unhandledPromptBehavior: dismiss and notify, webauthn:extension:credBlob: true, webauthn:extension:largeBlob: true, webauthn:extension:minPinLength: true, webauthn:extension:prf: true, webauthn:virtualAuthenticators: true}
Session ID: ab48dbb4fda9ff8b2cb9a5e656b9ca13
	at org.openqa.selenium.remote.ErrorCodec.decode(ErrorCodec.java:167)
	at org.openqa.selenium.remote.codec.w3c.W3CHttpResponseCodec.decode(W3CHttpResponseCodec.java:138)
	at org.openqa.selenium.remote.codec.w3c.W3CHttpResponseCodec.decode(W3CHttpResponseCodec.java:50)
	at org.openqa.selenium.remote.HttpCommandExecutor.execute(HttpCommandExecutor.java:190)
	at org.openqa.selenium.remote.service.DriverCommandExecutor.invokeExecute(DriverCommandExecutor.java:216)
	at org.openqa.selenium.remote.service.DriverCommandExecutor.execute(DriverCommandExecutor.java:174)
	at org.openqa.selenium.remote.RemoteWebDriver.execute(RemoteWebDriver.java:545)
	at org.openqa.selenium.remote.ElementLocation$ElementFinder$2.findElement(ElementLocation.java:165)
	at org.openqa.selenium.remote.ElementLocation.findElement(ElementLocation.java:59)
	at org.openqa.selenium.remote.RemoteWebDriver.findElement(RemoteWebDriver.java:368)
	at org.openqa.selenium.remote.RemoteWebDriver.findElement(RemoteWebDriver.java:362)
	at org.openqa.selenium.support.pagefactory.DefaultElementLocator.findElement(DefaultElementLocator.java:68)
	at org.openqa.selenium.support.pagefactory.internal.LocatingElementHandler.invoke(LocatingElementHandler.java:38)
	at jdk.proxy2/jdk.proxy2.$Proxy20.isDisplayed(Unknown Source)
	at org.openqa.selenium.support.ui.ExpectedConditions.elementIfVisible(ExpectedConditions.java:304)
	at org.openqa.selenium.support.ui.ExpectedConditions$10.apply(ExpectedConditions.java:290)
	at org.openqa.selenium.support.ui.ExpectedConditions$10.apply(ExpectedConditions.java:287)
	at org.openqa.selenium.support.ui.ExpectedConditions$23.apply(ExpectedConditions.java:656)
	at org.openqa.selenium.support.ui.ExpectedConditions$23.apply(ExpectedConditions.java:652)
	at org.openqa.selenium.support.ui.FluentWait.until(FluentWait.java:203)
	... 31 more
... Removed 31 stack frames
</div> <!-- stack-trace -->
                </div> <!-- method-content -->
              </div> <!-- method -->
            </div> <!-- main-panel-content rounded-window-bottom -->
          </div> <!-- suite-ParaBank_Test_Suite-class-failed -->
          <div class="suite-ParaBank_Test_Suite-class-passed">
            <div class="main-panel-header rounded-window-top">
              <img src="passed.png"/>
              <span class="class-name">com.parabank.tests.RegistrationTests</span>
            </div> <!-- main-panel-header rounded-window-top -->
            <div class="main-panel-content rounded-window-bottom">
              <div class="method">
                <div class="method-content">
                  <a name="testRegistration(Sam, Willis, 10 Lake St, Springfield, CA, 90210, 5551231111, 111-22-3333, user{uniq}, Pass@123)">
                  </a> <!-- testRegistration(Sam, Willis, 10 Lake St, Springfield, CA, 90210, 5551231111, 111-22-3333, user{uniq}, Pass@123) -->
                  <span class="method-name">testRegistration</span>
                  <span class="parameters">(Sam,Willis,10 Lake St,Springfield,CA,90210,5551231111,111-22-3333,user{uniq},Pass@123)</span>
                </div> <!-- method-content -->
              </div> <!-- method -->
              <div class="method">
                <div class="method-content">
                  <a name="testRegistration(Alex, Kim, 22 Oak Ave, Riverton, NY, 10001, 5551232222, 222-33-4444, alex{uniq}, Pass@123)">
                  </a> <!-- testRegistration(Alex, Kim, 22 Oak Ave, Riverton, NY, 10001, 5551232222, 222-33-4444, alex{uniq}, Pass@123) -->
                  <span class="method-name">testRegistration</span>
                  <span class="parameters">(Alex,Kim,22 Oak Ave,Riverton,NY,10001,5551232222,222-33-4444,alex{uniq},Pass@123)</span>
                </div> <!-- method-content -->
              </div> <!-- method -->
            </div> <!-- main-panel-content rounded-window-bottom -->
          </div> <!-- suite-ParaBank_Test_Suite-class-passed -->
          <div class="suite-ParaBank_Test_Suite-class-passed">
            <div class="main-panel-header rounded-window-top">
              <img src="passed.png"/>
              <span class="class-name">com.parabank.tests.TransferTests</span>
            </div> <!-- main-panel-header rounded-window-top -->
            <div class="main-panel-content rounded-window-bottom">
              <div class="method">
                <div class="method-content">
                  <a name="transferFunds(john, demo, 0, validation)">
                  </a> <!-- transferFunds(john, demo, 0, validation) -->
                  <span class="method-name">transferFunds</span>
                  <span class="parameters">(john,demo,0,validation)</span>
                </div> <!-- method-content -->
              </div> <!-- method -->
              <div class="method">
                <div class="method-content">
                  <a name="transferFunds(john, demo, 5, success)">
                  </a> <!-- transferFunds(john, demo, 5, success) -->
                  <span class="method-name">transferFunds</span>
                  <span class="parameters">(john,demo,5,success)</span>
                </div> <!-- method-content -->
              </div> <!-- method -->
            </div> <!-- main-panel-content rounded-window-bottom -->
          </div> <!-- suite-ParaBank_Test_Suite-class-passed -->
          <div class="suite-ParaBank_Test_Suite-class-passed">
            <div class="main-panel-header rounded-window-top">
              <img src="passed.png"/>
              <span class="class-name">com.parabank.tests.BillPayTests</span>
            </div> <!-- main-panel-header rounded-window-top -->
            <div class="main-panel-content rounded-window-bottom">
              <div class="method">
                <div class="method-content">
                  <a name="billPayScenarios(john, demo, Acme Utilities, 1 Utility Ave, Metropolis, CA, 90210, 5551234567, 123456, 7.50, success)">
                  </a> <!-- billPayScenarios(john, demo, Acme Utilities, 1 Utility Ave, Metropolis, CA, 90210, 5551234567, 123456, 7.50, success) -->
                  <span class="method-name">billPayScenarios</span>
                  <span class="parameters">(john,demo,Acme Utilities,1 Utility Ave,Metropolis,CA,90210,5551234567,123456,7.50,success)</span>
                </div> <!-- method-content -->
              </div> <!-- method -->
            </div> <!-- main-panel-content rounded-window-bottom -->
          </div> <!-- suite-ParaBank_Test_Suite-class-passed -->
          <div class="suite-ParaBank_Test_Suite-class-passed">
            <div class="main-panel-header rounded-window-top">
              <img src="passed.png"/>
              <span class="class-name">com.parabank.tests.LoginTests</span>
            </div> <!-- main-panel-header rounded-window-top -->
            <div class="main-panel-content rounded-window-bottom">
              <div class="method">
                <div class="method-content">
                  <a name="testBlankLogin(, demo, failure)">
                  </a> <!-- testBlankLogin(, demo, failure) -->
                  <span class="method-name">testBlankLogin</span>
                  <span class="parameters">(,demo,failure)</span>
                </div> <!-- method-content -->
              </div> <!-- method -->
              <div class="method">
                <div class="method-content">
                  <a name="testBlankLogin(john, wrongpass, failure)">
                  </a> <!-- testBlankLogin(john, wrongpass, failure) -->
                  <span class="method-name">testBlankLogin</span>
                  <span class="parameters">(john,wrongpass,failure)</span>
                </div> <!-- method-content -->
              </div> <!-- method -->
              <div class="method">
                <div class="method-content">
                  <a name="testBlankLogin(john, demo, success)">
                  </a> <!-- testBlankLogin(john, demo, success) -->
                  <span class="method-name">testBlankLogin</span>
                  <span class="parameters">(john,demo,success)</span>
                </div> <!-- method-content -->
              </div> <!-- method -->
              <div class="method">
                <div class="method-content">
                  <a name="testBlankLogin(invalidUser, demo, failure)">
                  </a> <!-- testBlankLogin(invalidUser, demo, failure) -->
                  <span class="method-name">testBlankLogin</span>
                  <span class="parameters">(invalidUser,demo,failure)</span>
                </div> <!-- method-content -->
              </div> <!-- method -->
              <div class="method">
                <div class="method-content">
                  <a name="testBlankLogin(john, , failure)">
                  </a> <!-- testBlankLogin(john, , failure) -->
                  <span class="method-name">testBlankLogin</span>
                  <span class="parameters">(john,,failure)</span>
                </div> <!-- method-content -->
              </div> <!-- method -->
              <div class="method">
                <div class="method-content">
                  <a name="testBlankLogin(, , failure)">
                  </a> <!-- testBlankLogin(, , failure) -->
                  <span class="method-name">testBlankLogin</span>
                  <span class="parameters">(,,failure)</span>
                </div> <!-- method-content -->
              </div> <!-- method -->
              <div class="method">
                <div class="method-content">
                  <a name="testForgotLoginInfo(John, Smith, 123 Main St, Anytown, CA, 90210, 123-45-6789)">
                  </a> <!-- testForgotLoginInfo(John, Smith, 123 Main St, Anytown, CA, 90210, 123-45-6789) -->
                  <span class="method-name">testForgotLoginInfo</span>
                  <span class="parameters">(John,Smith,123 Main St,Anytown,CA,90210,123-45-6789)</span>
                </div> <!-- method-content -->
              </div> <!-- method -->
              <div class="method">
                <div class="method-content">
                  <a name="testSuccessfulLogin(, demo, failure)">
                  </a> <!-- testSuccessfulLogin(, demo, failure) -->
                  <span class="method-name">testSuccessfulLogin</span>
                  <span class="parameters">(,demo,failure)</span>
                </div> <!-- method-content -->
              </div> <!-- method -->
              <div class="method">
                <div class="method-content">
                  <a name="testSuccessfulLogin(john, , failure)">
                  </a> <!-- testSuccessfulLogin(john, , failure) -->
                  <span class="method-name">testSuccessfulLogin</span>
                  <span class="parameters">(john,,failure)</span>
                </div> <!-- method-content -->
              </div> <!-- method -->
              <div class="method">
                <div class="method-content">
                  <a name="testSuccessfulLogin(, , failure)">
                  </a> <!-- testSuccessfulLogin(, , failure) -->
                  <span class="method-name">testSuccessfulLogin</span>
                  <span class="parameters">(,,failure)</span>
                </div> <!-- method-content -->
              </div> <!-- method -->
              <div class="method">
                <div class="method-content">
                  <a name="testSuccessfulLogin(john, wrongpass, failure)">
                  </a> <!-- testSuccessfulLogin(john, wrongpass, failure) -->
                  <span class="method-name">testSuccessfulLogin</span>
                  <span class="parameters">(john,wrongpass,failure)</span>
                </div> <!-- method-content -->
              </div> <!-- method -->
              <div class="method">
                <div class="method-content">
                  <a name="testSuccessfulLogin(invalidUser, demo, failure)">
                  </a> <!-- testSuccessfulLogin(invalidUser, demo, failure) -->
                  <span class="method-name">testSuccessfulLogin</span>
                  <span class="parameters">(invalidUser,demo,failure)</span>
                </div> <!-- method-content -->
              </div> <!-- method -->
            </div> <!-- main-panel-content rounded-window-bottom -->
          </div> <!-- suite-ParaBank_Test_Suite-class-passed -->
          <div class="suite-ParaBank_Test_Suite-class-passed">
            <div class="main-panel-header rounded-window-top">
              <img src="passed.png"/>
              <span class="class-name">com.parabank.tests.AccountTests</span>
            </div> <!-- main-panel-header rounded-window-top -->
            <div class="main-panel-content rounded-window-bottom">
              <div class="method">
                <div class="method-content">
                  <a name="verifyActivityFiltering(john, demo, January)">
                  </a> <!-- verifyActivityFiltering(john, demo, January) -->
                  <span class="method-name">verifyActivityFiltering</span>
                  <span class="parameters">(john,demo,January)</span>
                </div> <!-- method-content -->
              </div> <!-- method -->
              <div class="method">
                <div class="method-content">
                  <a name="verifyBalanceCalculations(john, demo)">
                  </a> <!-- verifyBalanceCalculations(john, demo) -->
                  <span class="method-name">verifyBalanceCalculations</span>
                  <span class="parameters">(john,demo)</span>
                </div> <!-- method-content -->
              </div> <!-- method -->
              <div class="method">
                <div class="method-content">
                  <a name="verifyOpenNewAccount(john, demo, CHECKING)">
                  </a> <!-- verifyOpenNewAccount(john, demo, CHECKING) -->
                  <span class="method-name">verifyOpenNewAccount</span>
                  <span class="parameters">(john,demo,CHECKING)</span>
                </div> <!-- method-content -->
              </div> <!-- method -->
              <div class="method">
                <div class="method-content">
                  <a name="verifyOpenNewAccount(john, demo, SAVINGS)">
                  </a> <!-- verifyOpenNewAccount(john, demo, SAVINGS) -->
                  <span class="method-name">verifyOpenNewAccount</span>
                  <span class="parameters">(john,demo,SAVINGS)</span>
                </div> <!-- method-content -->
              </div> <!-- method -->
            </div> <!-- main-panel-content rounded-window-bottom -->
          </div> <!-- suite-ParaBank_Test_Suite-class-passed -->
          <div class="suite-ParaBank_Test_Suite-class-passed">
            <div class="main-panel-header rounded-window-top">
              <img src="passed.png"/>
              <span class="class-name">com.parabank.tests.LoanTests</span>
            </div> <!-- main-panel-header rounded-window-top -->
            <div class="main-panel-content rounded-window-bottom">
              <div class="method">
                <div class="method-content">
                  <a name="contactForm(John Tester, john.tester@example.com, 5551112222, Need help with recent transaction.)">
                  </a> <!-- contactForm(John Tester, john.tester@example.com, 5551112222, Need help with recent transaction.) -->
                  <span class="method-name">contactForm</span>
                  <span class="parameters">(John Tester,john.tester@example.com,5551112222,Need help with recent transaction.)</span>
                </div> <!-- method-content -->
              </div> <!-- method -->
              <div class="method">
                <div class="method-content">
                  <a name="requestLoan(john, demo, 500, 50)">
                  </a> <!-- requestLoan(john, demo, 500, 50) -->
                  <span class="method-name">requestLoan</span>
                  <span class="parameters">(john,demo,500,50)</span>
                </div> <!-- method-content -->
              </div> <!-- method -->
              <div class="method">
                <div class="method-content">
                  <a name="responsiveness(375, 812)">
                  </a> <!-- responsiveness(375, 812) -->
                  <span class="method-name">responsiveness</span>
                  <span class="parameters">(375,812)</span>
                </div> <!-- method-content -->
              </div> <!-- method -->
              <div class="method">
                <div class="method-content">
                  <a name="responsiveness(1280, 800)">
                  </a> <!-- responsiveness(1280, 800) -->
                  <span class="method-name">responsiveness</span>
                  <span class="parameters">(1280,800)</span>
                </div> <!-- method-content -->
              </div> <!-- method -->
              <div class="method">
                <div class="method-content">
                  <a name="responsiveness(768, 1024)">
                  </a> <!-- responsiveness(768, 1024) -->
                  <span class="method-name">responsiveness</span>
                  <span class="parameters">(768,1024)</span>
                </div> <!-- method-content -->
              </div> <!-- method -->
              <div class="method">
                <div class="method-content">
                  <a name="updateProfile(john, demo, 99 Pine Rd, Shelbyville, CA, 90210, 5559876543)">
                  </a> <!-- updateProfile(john, demo, 99 Pine Rd, Shelbyville, CA, 90210, 5559876543) -->
                  <span class="method-name">updateProfile</span>
                  <span class="parameters">(john,demo,99 Pine Rd,Shelbyville,CA,90210,5559876543)</span>
                </div> <!-- method-content -->
              </div> <!-- method -->
            </div> <!-- main-panel-content rounded-window-bottom -->
          </div> <!-- suite-ParaBank_Test_Suite-class-passed -->
        </div> <!-- panel ParaBank_Test_Suite -->
        <div panel-name="test-xml-ParaBank_Test_Suite" class="panel">
          <div class="main-panel-header rounded-window-top">
            <span class="header-content">C:\Users\Administrator\eclipse-workspace\parabank-automation\src\test\resources\testng.xml</span>
          </div> <!-- main-panel-header rounded-window-top -->
          <div class="main-panel-content rounded-window-bottom">
            <pre>
&lt;?xml version=&quot;1.0&quot; encoding=&quot;UTF-8&quot;?&gt;
&lt;!DOCTYPE suite SYSTEM &quot;https://testng.org/testng-1.0.dtd&quot;&gt;
&lt;suite thread-count=&quot;1&quot; name=&quot;ParaBank Test Suite&quot; guice-stage=&quot;DEVELOPMENT&quot;&gt;
  &lt;parameter name=&quot;browser&quot; value=&quot;chrome&quot;/&gt;
  &lt;listeners&gt;
    &lt;listener class-name=&quot;com.parabank.listeners.TestListener&quot;/&gt;
  &lt;/listeners&gt;
  &lt;test thread-count=&quot;1&quot; name=&quot;All Tests&quot;&gt;
    &lt;classes&gt;
      &lt;class name=&quot;com.parabank.tests.LoginTests&quot;/&gt;
      &lt;class name=&quot;com.parabank.tests.RegistrationTests&quot;/&gt;
      &lt;class name=&quot;com.parabank.tests.AccountTests&quot;/&gt;
      &lt;class name=&quot;com.parabank.tests.TransferTests&quot;/&gt;
      &lt;class name=&quot;com.parabank.tests.BillPayTests&quot;/&gt;
      &lt;class name=&quot;com.parabank.tests.LoanTests&quot;/&gt;
    &lt;/classes&gt;
  &lt;/test&gt; &lt;!-- All Tests --&gt;
&lt;/suite&gt; &lt;!-- ParaBank Test Suite --&gt;
            </pre>
          </div> <!-- main-panel-content rounded-window-bottom -->
        </div> <!-- panel -->
        <div panel-name="testlist-ParaBank_Test_Suite" class="panel">
          <div class="main-panel-header rounded-window-top">
            <span class="header-content">Tests for ParaBank Test Suite</span>
          </div> <!-- main-panel-header rounded-window-top -->
          <div class="main-panel-content rounded-window-bottom">
            <ul>
              <li>
                <span class="test-name">All Tests (6 classes)</span>
              </li>
            </ul>
          </div> <!-- main-panel-content rounded-window-bottom -->
        </div> <!-- panel -->
        <div panel-name="group-ParaBank_Test_Suite" class="panel">
          <div class="main-panel-header rounded-window-top">
            <span class="header-content">Groups for ParaBank Test Suite</span>
          </div> <!-- main-panel-header rounded-window-top -->
          <div class="main-panel-content rounded-window-bottom">
          </div> <!-- main-panel-content rounded-window-bottom -->
        </div> <!-- panel -->
        <div panel-name="times-ParaBank_Test_Suite" class="panel">
          <div class="main-panel-header rounded-window-top">
            <span class="header-content">Times for ParaBank Test Suite</span>
          </div> <!-- main-panel-header rounded-window-top -->
          <div class="main-panel-content rounded-window-bottom">
            <div class="times-div">
              <script type="text/javascript">
suiteTableInitFunctions.push('tableData_ParaBank_Test_Suite');
function tableData_ParaBank_Test_Suite() {
var data = new google.visualization.DataTable();
data.addColumn('number', 'Number');
data.addColumn('string', 'Method');
data.addColumn('string', 'Class');
data.addColumn('number', 'Time (ms)');
data.addRows(39);
data.setCell(0, 0, 0)
data.setCell(0, 1, 'findTransactions')
data.setCell(0, 2, 'com.parabank.tests.LoanTests')
data.setCell(0, 3, 34282);
data.setCell(1, 0, 1)
data.setCell(1, 1, 'paymentHistory')
data.setCell(1, 2, 'com.parabank.tests.BillPayTests')
data.setCell(1, 3, 34014);
data.setCell(2, 0, 2)
data.setCell(2, 1, 'transferTransactionHistory')
data.setCell(2, 2, 'com.parabank.tests.TransferTests')
data.setCell(2, 3, 33453);
data.setCell(3, 0, 3)
data.setCell(3, 1, 'verifyAccountDetailsPage')
data.setCell(3, 2, 'com.parabank.tests.AccountTests')
data.setCell(3, 3, 31448);
data.setCell(4, 0, 4)
data.setCell(4, 1, 'testLogout')
data.setCell(4, 2, 'com.parabank.tests.LoginTests')
data.setCell(4, 3, 31374);
data.setCell(5, 0, 5)
data.setCell(5, 1, 'verifyActivityFiltering')
data.setCell(5, 2, 'com.parabank.tests.AccountTests')
data.setCell(5, 3, 30980);
data.setCell(6, 0, 6)
data.setCell(6, 1, 'testSuccessfulLogin')
data.setCell(6, 2, 'com.parabank.tests.LoginTests')
data.setCell(6, 3, 21500);
data.setCell(7, 0, 7)
data.setCell(7, 1, 'verifyAccountOverview')
data.setCell(7, 2, 'com.parabank.tests.AccountTests')
data.setCell(7, 3, 10812);
data.setCell(8, 0, 8)
data.setCell(8, 1, 'billPayScenarios')
data.setCell(8, 2, 'com.parabank.tests.BillPayTests')
data.setCell(8, 3, 3792);
data.setCell(9, 0, 9)
data.setCell(9, 1, 'verifyActivityFiltering')
data.setCell(9, 2, 'com.parabank.tests.AccountTests')
data.setCell(9, 3, 3694);
data.setCell(10, 0, 10)
data.setCell(10, 1, 'verifyOpenNewAccount')
data.setCell(10, 2, 'com.parabank.tests.AccountTests')
data.setCell(10, 3, 3449);
data.setCell(11, 0, 11)
data.setCell(11, 1, 'transferFunds')
data.setCell(11, 2, 'com.parabank.tests.TransferTests')
data.setCell(11, 3, 3355);
data.setCell(12, 0, 12)
data.setCell(12, 1, 'transferFunds')
data.setCell(12, 2, 'com.parabank.tests.TransferTests')
data.setCell(12, 3, 3341);
data.setCell(13, 0, 13)
data.setCell(13, 1, 'verifyOpenNewAccount')
data.setCell(13, 2, 'com.parabank.tests.AccountTests')
data.setCell(13, 3, 3324);
data.setCell(14, 0, 14)
data.setCell(14, 1, 'requestLoan')
data.setCell(14, 2, 'com.parabank.tests.LoanTests')
data.setCell(14, 3, 3213);
data.setCell(15, 0, 15)
data.setCell(15, 1, 'updateProfile')
data.setCell(15, 2, 'com.parabank.tests.LoanTests')
data.setCell(15, 3, 3102);
data.setCell(16, 0, 16)
data.setCell(16, 1, 'testRegistration')
data.setCell(16, 2, 'com.parabank.tests.RegistrationTests')
data.setCell(16, 3, 3089);
data.setCell(17, 0, 17)
data.setCell(17, 1, 'testRegistration')
data.setCell(17, 2, 'com.parabank.tests.RegistrationTests')
data.setCell(17, 3, 2971);
data.setCell(18, 0, 18)
data.setCell(18, 1, 'verifyBalanceCalculations')
data.setCell(18, 2, 'com.parabank.tests.AccountTests')
data.setCell(18, 3, 2912);
data.setCell(19, 0, 19)
data.setCell(19, 1, 'testForgotLoginInfo')
data.setCell(19, 2, 'com.parabank.tests.LoginTests')
data.setCell(19, 3, 1904);
data.setCell(20, 0, 20)
data.setCell(20, 1, 'contactForm')
data.setCell(20, 2, 'com.parabank.tests.LoanTests')
data.setCell(20, 3, 1221);
data.setCell(21, 0, 21)
data.setCell(21, 1, 'transferTransactionHistory')
data.setCell(21, 2, 'com.parabank.tests.TransferTests')
data.setCell(21, 3, 1194);
data.setCell(22, 0, 22)
data.setCell(22, 1, 'findTransactions')
data.setCell(22, 2, 'com.parabank.tests.LoanTests')
data.setCell(22, 3, 1156);
data.setCell(23, 0, 23)
data.setCell(23, 1, 'paymentHistory')
data.setCell(23, 2, 'com.parabank.tests.BillPayTests')
data.setCell(23, 3, 1145);
data.setCell(24, 0, 24)
data.setCell(24, 1, 'billPayScenarios')
data.setCell(24, 2, 'com.parabank.tests.BillPayTests')
data.setCell(24, 3, 1131);
data.setCell(25, 0, 25)
data.setCell(25, 1, 'responsiveness')
data.setCell(25, 2, 'com.parabank.tests.LoanTests')
data.setCell(25, 3, 850);
data.setCell(26, 0, 26)
data.setCell(26, 1, 'responsiveness')
data.setCell(26, 2, 'com.parabank.tests.LoanTests')
data.setCell(26, 3, 833);
data.setCell(27, 0, 27)
data.setCell(27, 1, 'responsiveness')
data.setCell(27, 2, 'com.parabank.tests.LoanTests')
data.setCell(27, 3, 808);
data.setCell(28, 0, 28)
data.setCell(28, 1, 'testBlankLogin')
data.setCell(28, 2, 'com.parabank.tests.LoginTests')
data.setCell(28, 3, 773);
data.setCell(29, 0, 29)
data.setCell(29, 1, 'testBlankLogin')
data.setCell(29, 2, 'com.parabank.tests.LoginTests')
data.setCell(29, 3, 3);
data.setCell(30, 0, 30)
data.setCell(30, 1, 'testBlankLogin')
data.setCell(30, 2, 'com.parabank.tests.LoginTests')
data.setCell(30, 3, 2);
data.setCell(31, 0, 31)
data.setCell(31, 1, 'testSuccessfulLogin')
data.setCell(31, 2, 'com.parabank.tests.LoginTests')
data.setCell(31, 3, 2);
data.setCell(32, 0, 32)
data.setCell(32, 1, 'testBlankLogin')
data.setCell(32, 2, 'com.parabank.tests.LoginTests')
data.setCell(32, 3, 1);
data.setCell(33, 0, 33)
data.setCell(33, 1, 'testSuccessfulLogin')
data.setCell(33, 2, 'com.parabank.tests.LoginTests')
data.setCell(33, 3, 1);
data.setCell(34, 0, 34)
data.setCell(34, 1, 'testSuccessfulLogin')
data.setCell(34, 2, 'com.parabank.tests.LoginTests')
data.setCell(34, 3, 1);
data.setCell(35, 0, 35)
data.setCell(35, 1, 'testSuccessfulLogin')
data.setCell(35, 2, 'com.parabank.tests.LoginTests')
data.setCell(35, 3, 1);
data.setCell(36, 0, 36)
data.setCell(36, 1, 'testBlankLogin')
data.setCell(36, 2, 'com.parabank.tests.LoginTests')
data.setCell(36, 3, 1);
data.setCell(37, 0, 37)
data.setCell(37, 1, 'testBlankLogin')
data.setCell(37, 2, 'com.parabank.tests.LoginTests')
data.setCell(37, 3, 1);
data.setCell(38, 0, 38)
data.setCell(38, 1, 'testSuccessfulLogin')
data.setCell(38, 2, 'com.parabank.tests.LoginTests')
data.setCell(38, 3, 1);
window.suiteTableData['ParaBank_Test_Suite']= { tableData: data, tableDiv: 'times-div-ParaBank_Test_Suite'}
return data;
}
              </script>
              <span class="suite-total-time">Total running time: 4 minutes</span>
              <div id="times-div-ParaBank_Test_Suite">
              </div> <!-- times-div-ParaBank_Test_Suite -->
            </div> <!-- times-div -->
          </div> <!-- main-panel-content rounded-window-bottom -->
        </div> <!-- panel -->
        <div panel-name="reporter-ParaBank_Test_Suite" class="panel">
          <div class="main-panel-header rounded-window-top">
            <span class="header-content">Reporter output for ParaBank Test Suite</span>
          </div> <!-- main-panel-header rounded-window-top -->
          <div class="main-panel-content rounded-window-bottom">
          </div> <!-- main-panel-content rounded-window-bottom -->
        </div> <!-- panel -->
        <div panel-name="ignored-methods-ParaBank_Test_Suite" class="panel">
          <div class="main-panel-header rounded-window-top">
            <span class="header-content">0 ignored methods</span>
          </div> <!-- main-panel-header rounded-window-top -->
          <div class="main-panel-content rounded-window-bottom">
          </div> <!-- main-panel-content rounded-window-bottom -->
        </div> <!-- panel -->
        <div panel-name="chronological-ParaBank_Test_Suite" class="panel">
          <div class="main-panel-header rounded-window-top">
            <span class="header-content">Methods in chronological order</span>
          </div> <!-- main-panel-header rounded-window-top -->
          <div class="main-panel-content rounded-window-bottom">
            <div class="chronological-class">
              <div class="chronological-class-name">com.parabank.tests.LoginTests</div> <!-- chronological-class-name -->
              <div class="configuration-method before">
                <span class="method-name">setUp(chrome)</span>
                <span class="method-start">0 ms</span>
              </div> <!-- configuration-method before -->
              <div class="test-method">
                <img src="failed.png">
                </img>
                <span class="method-name">testSuccessfulLogin(john, demo, success)</span>
                <span class="method-start">4548 ms</span>
              </div> <!-- test-method -->
              <div class="configuration-method after">
                <span class="method-name">tearDown</span>
                <span class="method-start">26165 ms</span>
              </div> <!-- configuration-method after -->
              <div class="configuration-method before">
                <span class="method-name">setUp(chrome)</span>
                <span class="method-start">26346 ms</span>
              </div> <!-- configuration-method before -->
              <div class="test-method">
                <span class="method-name">testSuccessfulLogin(invalidUser, demo, failure)</span>
                <span class="method-start">29170 ms</span>
              </div> <!-- test-method -->
              <div class="configuration-method after">
                <span class="method-name">tearDown</span>
                <span class="method-start">29173 ms</span>
              </div> <!-- configuration-method after -->
              <div class="configuration-method before">
                <span class="method-name">setUp(chrome)</span>
                <span class="method-start">29306 ms</span>
              </div> <!-- configuration-method before -->
              <div class="test-method">
                <span class="method-name">testSuccessfulLogin(john, wrongpass, failure)</span>
                <span class="method-start">31882 ms</span>
              </div> <!-- test-method -->
              <div class="configuration-method after">
                <span class="method-name">tearDown</span>
                <span class="method-start">31885 ms</span>
              </div> <!-- configuration-method after -->
              <div class="configuration-method before">
                <span class="method-name">setUp(chrome)</span>
                <span class="method-start">32034 ms</span>
              </div> <!-- configuration-method before -->
              <div class="test-method">
                <span class="method-name">testSuccessfulLogin(, demo, failure)</span>
                <span class="method-start">34708 ms</span>
              </div> <!-- test-method -->
              <div class="configuration-method after">
                <span class="method-name">tearDown</span>
                <span class="method-start">34710 ms</span>
              </div> <!-- configuration-method after -->
              <div class="configuration-method before">
                <span class="method-name">setUp(chrome)</span>
                <span class="method-start">34867 ms</span>
              </div> <!-- configuration-method before -->
              <div class="test-method">
                <span class="method-name">testSuccessfulLogin(john, , failure)</span>
                <span class="method-start">37545 ms</span>
              </div> <!-- test-method -->
              <div class="configuration-method after">
                <span class="method-name">tearDown</span>
                <span class="method-start">37548 ms</span>
              </div> <!-- configuration-method after -->
              <div class="configuration-method before">
                <span class="method-name">setUp(chrome)</span>
                <span class="method-start">37709 ms</span>
              </div> <!-- configuration-method before -->
              <div class="test-method">
                <span class="method-name">testSuccessfulLogin(, , failure)</span>
                <span class="method-start">40384 ms</span>
              </div> <!-- test-method -->
              <div class="configuration-method after">
                <span class="method-name">tearDown</span>
                <span class="method-start">40386 ms</span>
              </div> <!-- configuration-method after -->
              <div class="configuration-method before">
                <span class="method-name">setUp(chrome)</span>
                <span class="method-start">40590 ms</span>
              </div> <!-- configuration-method before -->
              <div class="test-method">
                <span class="method-name">testBlankLogin(john, demo, success)</span>
                <span class="method-start">43499 ms</span>
              </div> <!-- test-method -->
              <div class="configuration-method after">
                <span class="method-name">tearDown</span>
                <span class="method-start">43503 ms</span>
              </div> <!-- configuration-method after -->
              <div class="configuration-method before">
                <span class="method-name">setUp(chrome)</span>
                <span class="method-start">43636 ms</span>
              </div> <!-- configuration-method before -->
              <div class="test-method">
                <span class="method-name">testBlankLogin(invalidUser, demo, failure)</span>
                <span class="method-start">46310 ms</span>
              </div> <!-- test-method -->
              <div class="configuration-method after">
                <span class="method-name">tearDown</span>
                <span class="method-start">46318 ms</span>
              </div> <!-- configuration-method after -->
              <div class="configuration-method before">
                <span class="method-name">setUp(chrome)</span>
                <span class="method-start">46475 ms</span>
              </div> <!-- configuration-method before -->
              <div class="test-method">
                <span class="method-name">testBlankLogin(john, wrongpass, failure)</span>
                <span class="method-start">49171 ms</span>
              </div> <!-- test-method -->
              <div class="configuration-method after">
                <span class="method-name">tearDown</span>
                <span class="method-start">49174 ms</span>
              </div> <!-- configuration-method after -->
              <div class="configuration-method before">
                <span class="method-name">setUp(chrome)</span>
                <span class="method-start">49320 ms</span>
              </div> <!-- configuration-method before -->
              <div class="test-method">
                <span class="method-name">testBlankLogin(, demo, failure)</span>
                <span class="method-start">52016 ms</span>
              </div> <!-- test-method -->
              <div class="configuration-method after">
                <span class="method-name">tearDown</span>
                <span class="method-start">52018 ms</span>
              </div> <!-- configuration-method after -->
              <div class="configuration-method before">
                <span class="method-name">setUp(chrome)</span>
                <span class="method-start">52171 ms</span>
              </div> <!-- configuration-method before -->
              <div class="test-method">
                <span class="method-name">testBlankLogin(john, , failure)</span>
                <span class="method-start">54879 ms</span>
              </div> <!-- test-method -->
              <div class="configuration-method after">
                <span class="method-name">tearDown</span>
                <span class="method-start">54881 ms</span>
              </div> <!-- configuration-method after -->
              <div class="configuration-method before">
                <span class="method-name">setUp(chrome)</span>
                <span class="method-start">55022 ms</span>
              </div> <!-- configuration-method before -->
              <div class="test-method">
                <span class="method-name">testBlankLogin(, , failure)</span>
                <span class="method-start">57736 ms</span>
              </div> <!-- test-method -->
              <div class="configuration-method after">
                <span class="method-name">tearDown</span>
                <span class="method-start">58510 ms</span>
              </div> <!-- configuration-method after -->
              <div class="configuration-method before">
                <span class="method-name">setUp(chrome)</span>
                <span class="method-start">58721 ms</span>
              </div> <!-- configuration-method before -->
              <div class="test-method">
                <img src="failed.png">
                </img>
                <span class="method-name">testLogout(john, demo)</span>
                <span class="method-start">61662 ms</span>
              </div> <!-- test-method -->
              <div class="configuration-method after">
                <span class="method-name">tearDown</span>
                <span class="method-start">93198 ms</span>
              </div> <!-- configuration-method after -->
              <div class="configuration-method before">
                <span class="method-name">setUp(chrome)</span>
                <span class="method-start">93424 ms</span>
              </div> <!-- configuration-method before -->
              <div class="test-method">
                <span class="method-name">testForgotLoginInfo(John, Smith, 123 Main St, Anytown, CA, 90210, 123-45-6789)</span>
                <span class="method-start">96709 ms</span>
              </div> <!-- test-method -->
              <div class="configuration-method after">
                <span class="method-name">tearDown</span>
                <span class="method-start">98615 ms</span>
              </div> <!-- configuration-method after -->
            </div> <!-- chronological-class -->
            <div class="chronological-class">
              <div class="chronological-class-name">com.parabank.tests.RegistrationTests</div> <!-- chronological-class-name -->
              <div class="configuration-method before">
                <span class="method-name">setUp(chrome)</span>
                <span class="method-start">98816 ms</span>
              </div> <!-- configuration-method before -->
              <div class="test-method">
                <span class="method-name">testRegistration(Sam, Willis, 10 Lake St, Springfield, CA, 90210, 5551231111, 111-22-3333, user{uniq}, Pass@123)</span>
                <span class="method-start">101806 ms</span>
              </div> <!-- test-method -->
              <div class="configuration-method after">
                <span class="method-name">tearDown</span>
                <span class="method-start">104897 ms</span>
              </div> <!-- configuration-method after -->
              <div class="configuration-method before">
                <span class="method-name">setUp(chrome)</span>
                <span class="method-start">105063 ms</span>
              </div> <!-- configuration-method before -->
              <div class="test-method">
                <span class="method-name">testRegistration(Alex, Kim, 22 Oak Ave, Riverton, NY, 10001, 5551232222, 222-33-4444, alex{uniq}, Pass@123)</span>
                <span class="method-start">108022 ms</span>
              </div> <!-- test-method -->
              <div class="configuration-method after">
                <span class="method-name">tearDown</span>
                <span class="method-start">110995 ms</span>
              </div> <!-- configuration-method after -->
            </div> <!-- chronological-class -->
            <div class="chronological-class">
              <div class="chronological-class-name">com.parabank.tests.AccountTests</div> <!-- chronological-class-name -->
              <div class="configuration-method before">
                <span class="method-name">setUp(chrome)</span>
                <span class="method-start">111190 ms</span>
              </div> <!-- configuration-method before -->
              <div class="test-method">
                <img src="failed.png">
                </img>
                <span class="method-name">verifyAccountOverview(john, demo)</span>
                <span class="method-start">114100 ms</span>
              </div> <!-- test-method -->
              <div class="configuration-method after">
                <span class="method-name">tearDown</span>
                <span class="method-start">125037 ms</span>
              </div> <!-- configuration-method after -->
              <div class="configuration-method before">
                <span class="method-name">setUp(chrome)</span>
                <span class="method-start">125264 ms</span>
              </div> <!-- configuration-method before -->
              <div class="test-method">
                <img src="failed.png">
                </img>
                <span class="method-name">verifyAccountDetailsPage(john, demo)</span>
                <span class="method-start">128279 ms</span>
              </div> <!-- test-method -->
              <div class="configuration-method after">
                <span class="method-name">tearDown</span>
                <span class="method-start">159849 ms</span>
              </div> <!-- configuration-method after -->
              <div class="configuration-method before">
                <span class="method-name">setUp(chrome)</span>
                <span class="method-start">160075 ms</span>
              </div> <!-- configuration-method before -->
              <div class="test-method">
                <img src="failed.png">
                </img>
                <span class="method-name">verifyActivityFiltering(john, demo, All)</span>
                <span class="method-start">163018 ms</span>
              </div> <!-- test-method -->
              <div class="configuration-method after">
                <span class="method-name">tearDown</span>
                <span class="method-start">194131 ms</span>
              </div> <!-- configuration-method after -->
              <div class="configuration-method before">
                <span class="method-name">setUp(chrome)</span>
                <span class="method-start">194311 ms</span>
              </div> <!-- configuration-method before -->
              <div class="test-method">
                <span class="method-name">verifyActivityFiltering(john, demo, January)</span>
                <span class="method-start">197222 ms</span>
              </div> <!-- test-method -->
              <div class="configuration-method after">
                <span class="method-name">tearDown</span>
                <span class="method-start">200917 ms</span>
              </div> <!-- configuration-method after -->
              <div class="configuration-method before">
                <span class="method-name">setUp(chrome)</span>
                <span class="method-start">201121 ms</span>
              </div> <!-- configuration-method before -->
              <div class="test-method">
                <span class="method-name">verifyOpenNewAccount(john, demo, CHECKING)</span>
                <span class="method-start">204035 ms</span>
              </div> <!-- test-method -->
              <div class="configuration-method after">
                <span class="method-name">tearDown</span>
                <span class="method-start">207361 ms</span>
              </div> <!-- configuration-method after -->
              <div class="configuration-method before">
                <span class="method-name">setUp(chrome)</span>
                <span class="method-start">207515 ms</span>
              </div> <!-- configuration-method before -->
              <div class="test-method">
                <span class="method-name">verifyOpenNewAccount(john, demo, SAVINGS)</span>
                <span class="method-start">210435 ms</span>
              </div> <!-- test-method -->
              <div class="configuration-method after">
                <span class="method-name">tearDown</span>
                <span class="method-start">213885 ms</span>
              </div> <!-- configuration-method after -->
              <div class="configuration-method before">
                <span class="method-name">setUp(chrome)</span>
                <span class="method-start">214085 ms</span>
              </div> <!-- configuration-method before -->
              <div class="test-method">
                <span class="method-name">verifyBalanceCalculations(john, demo)</span>
                <span class="method-start">217005 ms</span>
              </div> <!-- test-method -->
              <div class="configuration-method after">
                <span class="method-name">tearDown</span>
                <span class="method-start">219918 ms</span>
              </div> <!-- configuration-method after -->
            </div> <!-- chronological-class -->
            <div class="chronological-class">
              <div class="chronological-class-name">com.parabank.tests.TransferTests</div> <!-- chronological-class-name -->
              <div class="configuration-method before">
                <span class="method-name">setUp(chrome)</span>
                <span class="method-start">220100 ms</span>
              </div> <!-- configuration-method before -->
              <div class="test-method">
                <span class="method-name">transferFunds(john, demo, 5, success)</span>
                <span class="method-start">223013 ms</span>
              </div> <!-- test-method -->
              <div class="configuration-method after">
                <span class="method-name">tearDown</span>
                <span class="method-start">226356 ms</span>
              </div> <!-- configuration-method after -->
              <div class="configuration-method before">
                <span class="method-name">setUp(chrome)</span>
                <span class="method-start">226512 ms</span>
              </div> <!-- configuration-method before -->
              <div class="test-method">
                <span class="method-name">transferFunds(john, demo, 0, validation)</span>
                <span class="method-start">229505 ms</span>
              </div> <!-- test-method -->
              <div class="configuration-method after">
                <span class="method-name">tearDown</span>
                <span class="method-start">232861 ms</span>
              </div> <!-- configuration-method after -->
              <div class="configuration-method before">
                <span class="method-name">setUp(chrome)</span>
                <span class="method-start">233058 ms</span>
              </div> <!-- configuration-method before -->
              <div class="test-method">
                <img src="failed.png">
                </img>
                <span class="method-name">transferTransactionHistory(john, demo, 7.50)</span>
                <span class="method-start">235952 ms</span>
              </div> <!-- test-method -->
              <div class="configuration-method after">
                <span class="method-name">tearDown</span>
                <span class="method-start">269511 ms</span>
              </div> <!-- configuration-method after -->
              <div class="configuration-method before">
                <span class="method-name">setUp(chrome)</span>
                <span class="method-start">269668 ms</span>
              </div> <!-- configuration-method before -->
              <div class="test-method">
                <img src="failed.png">
                </img>
                <span class="method-name">transferTransactionHistory(john, demo, 5)</span>
                <span class="method-start">273967 ms</span>
              </div> <!-- test-method -->
              <div class="configuration-method after">
                <span class="method-name">tearDown</span>
                <span class="method-start">275312 ms</span>
              </div> <!-- configuration-method after -->
            </div> <!-- chronological-class -->
            <div class="chronological-class">
              <div class="chronological-class-name">com.parabank.tests.BillPayTests</div> <!-- chronological-class-name -->
              <div class="configuration-method before">
                <span class="method-name">setUp(chrome)</span>
                <span class="method-start">275482 ms</span>
              </div> <!-- configuration-method before -->
              <div class="test-method">
                <span class="method-name">billPayScenarios(john, demo, Acme Utilities, 1 Utility Ave, Metropolis, CA, 90210, 5551234567, 123456, 7.50, success)</span>
                <span class="method-start">278502 ms</span>
              </div> <!-- test-method -->
              <div class="configuration-method after">
                <span class="method-name">tearDown</span>
                <span class="method-start">282295 ms</span>
              </div> <!-- configuration-method after -->
              <div class="configuration-method before">
                <span class="method-name">setUp(chrome)</span>
                <span class="method-start">282420 ms</span>
              </div> <!-- configuration-method before -->
              <div class="test-method">
                <img src="failed.png">
                </img>
                <span class="method-name">billPayScenarios(john, demo, , , Metropolis, CA, 90210, 5551234567, 123456, , validation)</span>
                <span class="method-start">285191 ms</span>
              </div> <!-- test-method -->
              <div class="configuration-method after">
                <span class="method-name">tearDown</span>
                <span class="method-start">286436 ms</span>
              </div> <!-- configuration-method after -->
              <div class="configuration-method before">
                <span class="method-name">setUp(chrome)</span>
                <span class="method-start">286592 ms</span>
              </div> <!-- configuration-method before -->
              <div class="test-method">
                <img src="failed.png">
                </img>
                <span class="method-name">paymentHistory(john, demo, 7.50)</span>
                <span class="method-start">289858 ms</span>
              </div> <!-- test-method -->
              <div class="configuration-method after">
                <span class="method-name">tearDown</span>
                <span class="method-start">291124 ms</span>
              </div> <!-- configuration-method after -->
              <div class="configuration-method before">
                <span class="method-name">setUp(chrome)</span>
                <span class="method-start">291257 ms</span>
              </div> <!-- configuration-method before -->
              <div class="test-method">
                <img src="failed.png">
                </img>
                <span class="method-name">paymentHistory(john, demo, 5)</span>
                <span class="method-start">294853 ms</span>
              </div> <!-- test-method -->
              <div class="configuration-method after">
                <span class="method-name">tearDown</span>
                <span class="method-start">328951 ms</span>
              </div> <!-- configuration-method after -->
            </div> <!-- chronological-class -->
            <div class="chronological-class">
              <div class="chronological-class-name">com.parabank.tests.LoanTests</div> <!-- chronological-class-name -->
              <div class="configuration-method before">
                <span class="method-name">setUp(chrome)</span>
                <span class="method-start">329175 ms</span>
              </div> <!-- configuration-method before -->
              <div class="test-method">
                <span class="method-name">requestLoan(john, demo, 500, 50)</span>
                <span class="method-start">332586 ms</span>
              </div> <!-- test-method -->
              <div class="configuration-method after">
                <span class="method-name">tearDown</span>
                <span class="method-start">335800 ms</span>
              </div> <!-- configuration-method after -->
              <div class="configuration-method before">
                <span class="method-name">setUp(chrome)</span>
                <span class="method-start">336000 ms</span>
              </div> <!-- configuration-method before -->
              <div class="test-method">
                <img src="failed.png">
                </img>
                <span class="method-name">findTransactions(john, demo, 7.50)</span>
                <span class="method-start">339403 ms</span>
              </div> <!-- test-method -->
              <div class="configuration-method after">
                <span class="method-name">tearDown</span>
                <span class="method-start">373795 ms</span>
              </div> <!-- configuration-method after -->
              <div class="configuration-method before">
                <span class="method-name">setUp(chrome)</span>
                <span class="method-start">373966 ms</span>
              </div> <!-- configuration-method before -->
              <div class="test-method">
                <img src="failed.png">
                </img>
                <span class="method-name">findTransactions(john, demo, 5)</span>
                <span class="method-start">377356 ms</span>
              </div> <!-- test-method -->
              <div class="configuration-method after">
                <span class="method-name">tearDown</span>
                <span class="method-start">378628 ms</span>
              </div> <!-- configuration-method after -->
              <div class="configuration-method before">
                <span class="method-name">setUp(chrome)</span>
                <span class="method-start">378804 ms</span>
              </div> <!-- configuration-method before -->
              <div class="test-method">
                <span class="method-name">contactForm(John Tester, john.tester@example.com, 5551112222, Need help with recent transaction.)</span>
                <span class="method-start">382223 ms</span>
              </div> <!-- test-method -->
              <div class="configuration-method after">
                <span class="method-name">tearDown</span>
                <span class="method-start">383446 ms</span>
              </div> <!-- configuration-method after -->
              <div class="configuration-method before">
                <span class="method-name">setUp(chrome)</span>
                <span class="method-start">383610 ms</span>
              </div> <!-- configuration-method before -->
              <div class="test-method">
                <span class="method-name">updateProfile(john, demo, 99 Pine Rd, Shelbyville, CA, 90210, 5559876543)</span>
                <span class="method-start">387031 ms</span>
              </div> <!-- test-method -->
              <div class="configuration-method after">
                <span class="method-name">tearDown</span>
                <span class="method-start">390135 ms</span>
              </div> <!-- configuration-method after -->
              <div class="configuration-method before">
                <span class="method-name">setUp(chrome)</span>
                <span class="method-start">390310 ms</span>
              </div> <!-- configuration-method before -->
              <div class="test-method">
                <span class="method-name">responsiveness(375, 812)</span>
                <span class="method-start">393711 ms</span>
              </div> <!-- test-method -->
              <div class="configuration-method after">
                <span class="method-name">tearDown</span>
                <span class="method-start">394545 ms</span>
              </div> <!-- configuration-method after -->
              <div class="configuration-method before">
                <span class="method-name">setUp(chrome)</span>
                <span class="method-start">394684 ms</span>
              </div> <!-- configuration-method before -->
              <div class="test-method">
                <span class="method-name">responsiveness(768, 1024)</span>
                <span class="method-start">398109 ms</span>
              </div> <!-- test-method -->
              <div class="configuration-method after">
                <span class="method-name">tearDown</span>
                <span class="method-start">398960 ms</span>
              </div> <!-- configuration-method after -->
              <div class="configuration-method before">
                <span class="method-name">setUp(chrome)</span>
                <span class="method-start">399098 ms</span>
              </div> <!-- configuration-method before -->
              <div class="test-method">
                <span class="method-name">responsiveness(1280, 800)</span>
                <span class="method-start">401736 ms</span>
              </div> <!-- test-method -->
              <div class="configuration-method after">
                <span class="method-name">tearDown</span>
                <span class="method-start">402545 ms</span>
              </div> <!-- configuration-method after -->
          </div> <!-- main-panel-content rounded-window-bottom -->
        </div> <!-- panel -->
      </div> <!-- main-panel-root -->
    </div> <!-- wrapper -->
  </body>
<script type="text/javascript" src="testng-reports2.js"></script>
</html>
